#
# A fatal error has been detected by the Java Runtime Environment:
#
#  SIGBUS (0xa) at pc=0x0000000103dcbe92, pid=982, tid=0x0000000000002407
#
# JRE version: Java(TM) SE Runtime Environment (8.0_151-b12) (build 1.8.0_151-b12)
# Java VM: Java HotSpot(TM) 64-Bit Server VM (25.151-b12 mixed mode bsd-amd64 compressed oops)
# Problematic frame:
# C  [libzip.dylib+0x2e92]  newEntry+0x154
#
# Failed to write core dump. Core dumps have been disabled. To enable core dumping, try "ulimit -c unlimited" before starting Java again
#
# If you would like to submit a bug report, please visit:
#   http://bugreport.java.com/bugreport/crash.jsp
# The crash happened outside the Java Virtual Machine in native code.
# See problematic frame for where to report the bug.
#

---------------  T H R E A D  ---------------

Current thread (0x00007fdb1e29e800):  JavaThread "localhost-startStop-1" daemon [_thread_in_native, id=9223, stack(0x000070000944f000,0x000070000954f000)]

siginfo: si_signo: 10 (SIGBUS), si_code: 2 (BUS_ADRERR), si_addr: 0x000000010c2f6e56

Registers:
RAX=0x00007fdb1d7d38b0, RBX=0x000000010c2f6e4a, RCX=0x0000000000000001, RDX=0x0000000000002000
RSP=0x000070000954ddf0, RBP=0x000070000954de50, RSI=0x00000000ffffe1ff, RDI=0x0000000000000675
R8 =0x00000000b1f9674d, R9 =0x0000000000000004, R10=0x00000000ffffe000, R11=0x00007fdb1f900000
R12=0x0000000000000000, R13=0x000070000954e188, R14=0x00007fdb1d7d38b0, R15=0x00007fdb1e29e800
RIP=0x0000000103dcbe92, EFLAGS=0x0000000000010202, ERR=0x0000000000000004
  TRAPNO=0x000000000000000e

Top of Stack: (sp=0x000070000954ddf0)
0x000070000954ddf0:   0000000000000000 0000000108007798
0x000070000954de00:   0000000000000000 000070000954de20
0x000070000954de10:   000070000954de30 00007fdb1d7d38b0
0x000070000954de20:   00007fdb1f967480 0000000000000fe2
0x000070000954de30:   0000000000000000 000070000954e188
0x000070000954de40:   00007fdb1d7d38b0 00007fdb1e29e800
0x000070000954de50:   000070000954de70 0000000103dcc441
0x000070000954de60:   00007fdb1d7d38b0 000070000954dec0
0x000070000954de70:   000070000954de80 0000000103dcb157
0x000070000954de80:   000070000954ded0 000000010d3db4b6
0x000070000954de90:   00000007b2c9c750 000070000954de98
0x000070000954dea0:   000070000954dea0 000000010827e540
0x000070000954deb0:   000070000954def0 000000010827ed98
0x000070000954dec0:   0000000780002010 000000010827e550
0x000070000954ded0:   000070000954e1d0 000000010d3d83fc
0x000070000954dee0:   000070000954df38 000000010c8ec040
0x000070000954def0:   0000000000000000 000070000954def8
0x000070000954df00:   000000010827b98b 000070000954df88
0x000070000954df10:   000000010827ed98 0000000000000000
0x000070000954df20:   000000010827b9b0 0000000000000000
0x000070000954df30:   000070000954df80 000070000954dfd0
0x000070000954df40:   000070000954df60 00007fff69aa9e86
0x000070000954df50:   00000007b2b4ceb0 00000007b2b4c3b8
0x000070000954df60:   000070000954df80 0000000103dca86f
0x000070000954df70:   0000000000000000 00000001084035f8
0x000070000954df80:   000070000954dfd0 000000010cacad31
0x000070000954df90:   0000000000000000 0000000000000009
0x000070000954dfa0:   00000007b2b4c3b8 00007fdb1e29e800
0x000070000954dfb0:   000070000954e1d0 000000010d3d7824
0x000070000954dfc0:   0000000780002098 0000000000000000
0x000070000954dfd0:   000070000954e1d0 000000010caca68c
0x000070000954dfe0:   000070000954e010 00000007b2b4ceb0 

Instructions: (pc=0x0000000103dcbe92)
0x0000000103dcbe72:   49 8b 7f 38 e8 5b 1b 00 00 4d 89 77 38 49 89 5f
0x0000000103dcbe82:   40 4c 89 f0 48 85 c0 0f 84 11 05 00 00 48 89 c3
0x0000000103dcbe92:   0f b6 43 0c 0f b6 4b 0d 48 c1 e1 08 48 01 c1 0f
0x0000000103dcbea2:   b6 43 0e 0f b6 53 0f 48 c1 e2 08 48 01 c2 48 c1 

Register to memory mapping:

RAX=0x00007fdb1d7d38b0 is an unknown value
RBX=0x000000010c2f6e4a is an unknown value
RCX=0x0000000000000001 is an unknown value
RDX=0x0000000000002000 is an unknown value
RSP=0x000070000954ddf0 is pointing into the stack for thread: 0x00007fdb1e29e800
RBP=0x000070000954de50 is pointing into the stack for thread: 0x00007fdb1e29e800
RSI=0x00000000ffffe1ff is an unknown value
RDI=0x0000000000000675 is an unknown value
R8 =0x00000000b1f9674d is an unknown value
R9 =0x0000000000000004 is an unknown value
R10=0x00000000ffffe000 is an unknown value
R11=0x00007fdb1f900000 is an unknown value
R12=0x0000000000000000 is an unknown value
R13=0x000070000954e188 is pointing into the stack for thread: 0x00007fdb1e29e800
R14=0x00007fdb1d7d38b0 is an unknown value
R15=0x00007fdb1e29e800 is a thread


Stack: [0x000070000944f000,0x000070000954f000],  sp=0x000070000954ddf0,  free space=1019k
Native frames: (J=compiled Java code, j=interpreted, Vv=VM code, C=native code)
C  [libzip.dylib+0x2e92]  newEntry+0x154
C  [libzip.dylib+0x3441]  ZIP_GetNextEntry+0x37
C  [libzip.dylib+0x2157]  Java_java_util_zip_ZipFile_getNextEntry+0xe
J 4132  java.util.zip.ZipFile.getNextEntry(JI)J (0 bytes) @ 0x000000010d3db4b6 [0x000000010d3db400+0xb6]
J 4130 C1 java.util.zip.ZipFile$ZipEntryIterator.next()Ljava/util/zip/ZipEntry; (212 bytes) @ 0x000000010d3d83fc [0x000000010d3d8140+0x2bc]
J 4128 C1 java.util.zip.ZipFile$ZipEntryIterator.nextElement()Ljava/lang/Object; (5 bytes) @ 0x000000010d3d7824 [0x000000010d3d7740+0xe4]
J 4125 C1 java.util.jar.JarFile$JarEntryIterator.nextElement()Ljava/lang/Object; (5 bytes) @ 0x000000010d3d5ec4 [0x000000010d3d5d00+0x1c4]
J 4152 C1 org.apache.tomcat.util.scan.FileUrlJar.nextEntry()V (55 bytes) @ 0x000000010d3e9f04 [0x000000010d3e9960+0x5a4]
j  org.apache.catalina.startup.ContextConfig.processAnnotationsJar(Ljava/net/URL;Lorg/apache/catalina/deploy/WebXml;Z)V+205
j  org.apache.catalina.startup.ContextConfig.processAnnotationsUrl(Ljava/net/URL;Lorg/apache/catalina/deploy/WebXml;Z)V+22
j  org.apache.catalina.startup.ContextConfig.processAnnotations(Ljava/util/Set;Z)V+71
j  org.apache.catalina.startup.ContextConfig.webConfig()V+334
j  org.apache.catalina.startup.ContextConfig.configureStart()V+101
j  org.apache.catalina.startup.ContextConfig.lifecycleEvent(Lorg/apache/catalina/LifecycleEvent;)V+57
j  org.apache.catalina.util.LifecycleSupport.fireLifecycleEvent(Ljava/lang/String;Ljava/lang/Object;)V+37
j  org.apache.catalina.util.LifecycleBase.fireLifecycleEvent(Ljava/lang/String;Ljava/lang/Object;)V+6
j  org.apache.catalina.core.StandardContext.startInternal()V+586
j  org.apache.catalina.util.LifecycleBase.start()V+210
j  org.apache.catalina.core.ContainerBase$StartChild.call()Ljava/lang/Void;+4
j  org.apache.catalina.core.ContainerBase$StartChild.call()Ljava/lang/Object;+1
j  java.util.concurrent.FutureTask.run()V+42
j  java.util.concurrent.ThreadPoolExecutor.runWorker(Ljava/util/concurrent/ThreadPoolExecutor$Worker;)V+95
j  java.util.concurrent.ThreadPoolExecutor$Worker.run()V+5
j  java.lang.Thread.run()V+11
v  ~StubRoutines::call_stub
V  [libjvm.dylib+0x2ee9aa]  JavaCalls::call_helper(JavaValue*, methodHandle*, JavaCallArguments*, Thread*)+0x6ae
V  [libjvm.dylib+0x2ef14e]  JavaCalls::call_virtual(JavaValue*, KlassHandle, Symbol*, Symbol*, JavaCallArguments*, Thread*)+0x164
V  [libjvm.dylib+0x2ef2fa]  JavaCalls::call_virtual(JavaValue*, Handle, KlassHandle, Symbol*, Symbol*, Thread*)+0x4a
V  [libjvm.dylib+0x349a51]  thread_entry(JavaThread*, Thread*)+0x7c
V  [libjvm.dylib+0x56c173]  JavaThread::thread_main_inner()+0x9b
V  [libjvm.dylib+0x56d860]  JavaThread::run()+0x1c2
V  [libjvm.dylib+0x48bbb2]  java_start(Thread*)+0xf6
C  [libsystem_pthread.dylib+0x3661]  _pthread_body+0x154
C  [libsystem_pthread.dylib+0x350d]  _pthread_body+0x0
C  [libsystem_pthread.dylib+0x2bf9]  thread_start+0xd
C  0x0000000000000000

Java frames: (J=compiled Java code, j=interpreted, Vv=VM code)
J 4132  java.util.zip.ZipFile.getNextEntry(JI)J (0 bytes) @ 0x000000010d3db444 [0x000000010d3db400+0x44]
J 4130 C1 java.util.zip.ZipFile$ZipEntryIterator.next()Ljava/util/zip/ZipEntry; (212 bytes) @ 0x000000010d3d83fc [0x000000010d3d8140+0x2bc]
J 4128 C1 java.util.zip.ZipFile$ZipEntryIterator.nextElement()Ljava/lang/Object; (5 bytes) @ 0x000000010d3d7824 [0x000000010d3d7740+0xe4]
J 4125 C1 java.util.jar.JarFile$JarEntryIterator.nextElement()Ljava/lang/Object; (5 bytes) @ 0x000000010d3d5ec4 [0x000000010d3d5d00+0x1c4]
J 4152 C1 org.apache.tomcat.util.scan.FileUrlJar.nextEntry()V (55 bytes) @ 0x000000010d3e9f04 [0x000000010d3e9960+0x5a4]
j  org.apache.catalina.startup.ContextConfig.processAnnotationsJar(Ljava/net/URL;Lorg/apache/catalina/deploy/WebXml;Z)V+205
j  org.apache.catalina.startup.ContextConfig.processAnnotationsUrl(Ljava/net/URL;Lorg/apache/catalina/deploy/WebXml;Z)V+22
j  org.apache.catalina.startup.ContextConfig.processAnnotations(Ljava/util/Set;Z)V+71
j  org.apache.catalina.startup.ContextConfig.webConfig()V+334
j  org.apache.catalina.startup.ContextConfig.configureStart()V+101
j  org.apache.catalina.startup.ContextConfig.lifecycleEvent(Lorg/apache/catalina/LifecycleEvent;)V+57
j  org.apache.catalina.util.LifecycleSupport.fireLifecycleEvent(Ljava/lang/String;Ljava/lang/Object;)V+37
j  org.apache.catalina.util.LifecycleBase.fireLifecycleEvent(Ljava/lang/String;Ljava/lang/Object;)V+6
j  org.apache.catalina.core.StandardContext.startInternal()V+586
j  org.apache.catalina.util.LifecycleBase.start()V+210
j  org.apache.catalina.core.ContainerBase$StartChild.call()Ljava/lang/Void;+4
j  org.apache.catalina.core.ContainerBase$StartChild.call()Ljava/lang/Object;+1
j  java.util.concurrent.FutureTask.run()V+42
j  java.util.concurrent.ThreadPoolExecutor.runWorker(Ljava/util/concurrent/ThreadPoolExecutor$Worker;)V+95
j  java.util.concurrent.ThreadPoolExecutor$Worker.run()V+5
j  java.lang.Thread.run()V+11
v  ~StubRoutines::call_stub

---------------  P R O C E S S  ---------------

Java Threads: ( => current thread )
=>0x00007fdb1e29e800 JavaThread "localhost-startStop-1" daemon [_thread_in_native, id=9223, stack(0x000070000944f000,0x000070000954f000)]
  0x00007fdb20bcc800 JavaThread "Tomcat-startStop-1" daemon [_thread_blocked, id=5911, stack(0x000070000849c000,0x000070000859c000)]
  0x00007fdb1d837800 JavaThread "Service Thread" daemon [_thread_blocked, id=18691, stack(0x0000700009249000,0x0000700009349000)]
  0x00007fdb1e057800 JavaThread "C1 CompilerThread2" daemon [_thread_blocked, id=15363, stack(0x0000700009146000,0x0000700009246000)]
  0x00007fdb1f000000 JavaThread "C2 CompilerThread1" daemon [_thread_in_native, id=19203, stack(0x0000700009043000,0x0000700009143000)]
  0x00007fdb1e057000 JavaThread "C2 CompilerThread0" daemon [_thread_in_native, id=14595, stack(0x0000700008f40000,0x0000700009040000)]
  0x00007fdb1e037800 JavaThread "Signal Dispatcher" daemon [_thread_blocked, id=19463, stack(0x0000700008e3d000,0x0000700008f3d000)]
  0x00007fdb1e035000 JavaThread "Finalizer" daemon [_thread_blocked, id=12803, stack(0x0000700008d3a000,0x0000700008e3a000)]
  0x00007fdb1e032800 JavaThread "Reference Handler" daemon [_thread_blocked, id=12291, stack(0x0000700008c37000,0x0000700008d37000)]
  0x00007fdb1e005800 JavaThread "main" [_thread_blocked, id=8707, stack(0x0000700008625000,0x0000700008725000)]

Other Threads:
  0x00007fdb1e830000 VMThread [stack: 0x0000700008b34000,0x0000700008c34000] [id=11779]
  0x00007fdb1e05e000 WatcherThread [stack: 0x000070000934c000,0x000070000944c000] [id=18179]

VM state:not at safepoint (normal execution)

VM Mutex/Monitor currently owned by a thread: None

Heap:
 PSYoungGen      total 139776K, used 114368K [0x00000007aab00000, 0x00000007b7f00000, 0x00000007c0000000)
  eden space 129024K, 80% used [0x00000007aab00000,0x00000007b1035270,0x00000007b2900000)
  from space 10752K, 99% used [0x00000007b2900000,0x00000007b337af08,0x00000007b3380000)
  to   space 15360K, 0% used [0x00000007b7000000,0x00000007b7000000,0x00000007b7f00000)
 ParOldGen       total 47104K, used 21587K [0x0000000780000000, 0x0000000782e00000, 0x00000007aab00000)
  object space 47104K, 45% used [0x0000000780000000,0x0000000781514f78,0x0000000782e00000)
 Metaspace       used 26747K, capacity 27216K, committed 27392K, reserved 1073152K
  class space    used 3132K, capacity 3314K, committed 3328K, reserved 1048576K

Card table byte_map: [0x0000000105967000,0x0000000105b68000] byte_map_base: 0x0000000101d67000

Marking Bits: (ParMarkBitMap*) 0x0000000104ef35d0
 Begin Bits: [0x0000000105cbe000, 0x0000000106cbe000)
 End Bits:   [0x0000000106cbe000, 0x0000000107cbe000)

Polling page: 0x0000000103dc0000

CodeCache: size=245760Kb used=11732Kb max_used=11773Kb free=234027Kb
 bounds [0x000000010c8e4000, 0x000000010d484000, 0x000000011b8e4000]
 total_blobs=4144 nmethods=3720 adapters=337
 compilation: enabled

Compilation events (10 events):
Event: 10,993 Thread 0x00007fdb1e057000 nmethod 4206% 0x000000010d446810 code [0x000000010d446e80, 0x000000010d44f8b8]
Event: 10,994 Thread 0x00007fdb1e057000 4217       4       org.apache.tomcat.util.bcel.classfile.Code::<init> (162 bytes)
Event: 11,217 Thread 0x00007fdb1e057000 nmethod 4217 0x000000010d454b10 code [0x000000010d454f00, 0x000000010d45b0f8]
Event: 11,218 Thread 0x00007fdb1e057000 4229       4       org.apache.tomcat.util.bcel.classfile.ConstantPool::<init> (74 bytes)
Event: 11,383 Thread 0x00007fdb1e057800 4233       2       org.apache.tomcat.util.bcel.classfile.ArrayElementValue::<init> (45 bytes)
Event: 11,384 Thread 0x00007fdb1e057800 nmethod 4233 0x000000010cbb5790 code [0x000000010cbb5940, 0x000000010cbb5d58]
Event: 11,441 Thread 0x00007fdb1e057800 4235       2       org.apache.tomcat.util.bcel.classfile.Deprecated::<init> (40 bytes)
Event: 11,441 Thread 0x00007fdb1e057800 nmethod 4235 0x000000010d4334d0 code [0x000000010d433660, 0x000000010d433918]
Event: 11,442 Thread 0x00007fdb1e057800 4236       2       org.apache.tomcat.util.bcel.classfile.Deprecated::<init> (16 bytes)
Event: 11,442 Thread 0x00007fdb1e057800 nmethod 4236 0x000000010cbb5410 code [0x000000010cbb5560, 0x000000010cbb56f0]

GC Heap History (10 events):
Event: 2,631 GC heap before
{Heap before GC invocations=4 (full 0):
 PSYoungGen      total 35328K, used 35296K [0x00000007aab00000, 0x00000007af000000, 0x00000007c0000000)
  eden space 32768K, 100% used [0x00000007aab00000,0x00000007acb00000,0x00000007acb00000)
  from space 2560K, 98% used [0x00000007acb00000,0x00000007acd78040,0x00000007acd80000)
  to   space 2560K, 0% used [0x00000007aed80000,0x00000007aed80000,0x00000007af000000)
 ParOldGen       total 44032K, used 5806K [0x0000000780000000, 0x0000000782b00000, 0x00000007aab00000)
  object space 44032K, 13% used [0x0000000780000000,0x00000007805ab910,0x0000000782b00000)
 Metaspace       used 13641K, capacity 13836K, committed 14080K, reserved 1060864K
  class space    used 1666K, capacity 1770K, committed 1792K, reserved 1048576K
Event: 2,649 GC heap after
Heap after GC invocations=4 (full 0):
 PSYoungGen      total 68096K, used 2560K [0x00000007aab00000, 0x00000007af000000, 0x00000007c0000000)
  eden space 65536K, 0% used [0x00000007aab00000,0x00000007aab00000,0x00000007aeb00000)
  from space 2560K, 100% used [0x00000007aed80000,0x00000007af000000,0x00000007af000000)
  to   space 2560K, 0% used [0x00000007aeb00000,0x00000007aeb00000,0x00000007aed80000)
 ParOldGen       total 44032K, used 9470K [0x0000000780000000, 0x0000000782b00000, 0x00000007aab00000)
  object space 44032K, 21% used [0x0000000780000000,0x000000078093fb00,0x0000000782b00000)
 Metaspace       used 13641K, capacity 13836K, committed 14080K, reserved 1060864K
  class space    used 1666K, capacity 1770K, committed 1792K, reserved 1048576K
}
Event: 3,884 GC heap before
{Heap before GC invocations=5 (full 0):
 PSYoungGen      total 68096K, used 68096K [0x00000007aab00000, 0x00000007af000000, 0x00000007c0000000)
  eden space 65536K, 100% used [0x00000007aab00000,0x00000007aeb00000,0x00000007aeb00000)
  from space 2560K, 100% used [0x00000007aed80000,0x00000007af000000,0x00000007af000000)
  to   space 2560K, 0% used [0x00000007aeb00000,0x00000007aeb00000,0x00000007aed80000)
 ParOldGen       total 44032K, used 9470K [0x0000000780000000, 0x0000000782b00000, 0x00000007aab00000)
  object space 44032K, 21% used [0x0000000780000000,0x000000078093fb00,0x0000000782b00000)
 Metaspace       used 14234K, capacity 14442K, committed 14592K, reserved 1062912K
  class space    used 1685K, capacity 1775K, committed 1792K, reserved 1048576K
Event: 3,901 GC heap after
Heap after GC invocations=5 (full 0):
 PSYoungGen      total 68096K, used 2560K [0x00000007aab00000, 0x00000007b3c00000, 0x00000007c0000000)
  eden space 65536K, 0% used [0x00000007aab00000,0x00000007aab00000,0x00000007aeb00000)
  from space 2560K, 100% used [0x00000007aeb00000,0x00000007aed80000,0x00000007aed80000)
  to   space 8704K, 0% used [0x00000007b3380000,0x00000007b3380000,0x00000007b3c00000)
 ParOldGen       total 44032K, used 13163K [0x0000000780000000, 0x0000000782b00000, 0x00000007aab00000)
  object space 44032K, 29% used [0x0000000780000000,0x0000000780cdad78,0x0000000782b00000)
 Metaspace       used 14234K, capacity 14442K, committed 14592K, reserved 1062912K
  class space    used 1685K, capacity 1775K, committed 1792K, reserved 1048576K
}
Event: 6,078 GC heap before
{Heap before GC invocations=6 (full 0):
 PSYoungGen      total 68096K, used 54963K [0x00000007aab00000, 0x00000007b3c00000, 0x00000007c0000000)
  eden space 65536K, 79% used [0x00000007aab00000,0x00000007ade2cd78,0x00000007aeb00000)
  from space 2560K, 100% used [0x00000007aeb00000,0x00000007aed80000,0x00000007aed80000)
  to   space 8704K, 0% used [0x00000007b3380000,0x00000007b3380000,0x00000007b3c00000)
 ParOldGen       total 44032K, used 13163K [0x0000000780000000, 0x0000000782b00000, 0x00000007aab00000)
  object space 44032K, 29% used [0x0000000780000000,0x0000000780cdad78,0x0000000782b00000)
 Metaspace       used 20781K, capacity 21216K, committed 21296K, reserved 1069056K
  class space    used 2494K, capacity 2682K, committed 2688K, reserved 1048576K
Event: 6,112 GC heap after
Heap after GC invocations=6 (full 0):
 PSYoungGen      total 137728K, used 8694K [0x00000007aab00000, 0x00000007b4000000, 0x00000007c0000000)
  eden space 129024K, 0% used [0x00000007aab00000,0x00000007aab00000,0x00000007b2900000)
  from space 8704K, 99% used [0x00000007b3380000,0x00000007b3bfd840,0x00000007b3c00000)
  to   space 10752K, 0% used [0x00000007b2900000,0x00000007b2900000,0x00000007b3380000)
 ParOldGen       total 44032K, used 13897K [0x0000000780000000, 0x0000000782b00000, 0x00000007aab00000)
  object space 44032K, 31% used [0x0000000780000000,0x0000000780d92508,0x0000000782b00000)
 Metaspace       used 20781K, capacity 21216K, committed 21296K, reserved 1069056K
  class space    used 2494K, capacity 2682K, committed 2688K, reserved 1048576K
}
Event: 6,112 GC heap before
{Heap before GC invocations=7 (full 1):
 PSYoungGen      total 137728K, used 8694K [0x00000007aab00000, 0x00000007b4000000, 0x00000007c0000000)
  eden space 129024K, 0% used [0x00000007aab00000,0x00000007aab00000,0x00000007b2900000)
  from space 8704K, 99% used [0x00000007b3380000,0x00000007b3bfd840,0x00000007b3c00000)
  to   space 10752K, 0% used [0x00000007b2900000,0x00000007b2900000,0x00000007b3380000)
 ParOldGen       total 44032K, used 13897K [0x0000000780000000, 0x0000000782b00000, 0x00000007aab00000)
  object space 44032K, 31% used [0x0000000780000000,0x0000000780d92508,0x0000000782b00000)
 Metaspace       used 20781K, capacity 21216K, committed 21296K, reserved 1069056K
  class space    used 2494K, capacity 2682K, committed 2688K, reserved 1048576K
Event: 6,221 GC heap after
Heap after GC invocations=7 (full 1):
 PSYoungGen      total 137728K, used 0K [0x00000007aab00000, 0x00000007b4000000, 0x00000007c0000000)
  eden space 129024K, 0% used [0x00000007aab00000,0x00000007aab00000,0x00000007b2900000)
  from space 8704K, 0% used [0x00000007b3380000,0x00000007b3380000,0x00000007b3c00000)
  to   space 10752K, 0% used [0x00000007b2900000,0x00000007b2900000,0x00000007b3380000)
 ParOldGen       total 47104K, used 15766K [0x0000000780000000, 0x0000000782e00000, 0x00000007aab00000)
  object space 47104K, 33% used [0x0000000780000000,0x0000000780f65838,0x0000000782e00000)
 Metaspace       used 20781K, capacity 21216K, committed 21296K, reserved 1069056K
  class space    used 2494K, capacity 2682K, committed 2688K, reserved 1048576K
}
Event: 10,791 GC heap before
{Heap before GC invocations=8 (full 1):
 PSYoungGen      total 137728K, used 129024K [0x00000007aab00000, 0x00000007b4000000, 0x00000007c0000000)
  eden space 129024K, 100% used [0x00000007aab00000,0x00000007b2900000,0x00000007b2900000)
  from space 8704K, 0% used [0x00000007b3380000,0x00000007b3380000,0x00000007b3c00000)
  to   space 10752K, 0% used [0x00000007b2900000,0x00000007b2900000,0x00000007b3380000)
 ParOldGen       total 47104K, used 15766K [0x0000000780000000, 0x0000000782e00000, 0x00000007aab00000)
  object space 47104K, 33% used [0x0000000780000000,0x0000000780f65838,0x0000000782e00000)
 Metaspace       used 26735K, capacity 27152K, committed 27392K, reserved 1073152K
  class space    used 3130K, capacity 3314K, committed 3328K, reserved 1048576K
Event: 10,826 GC heap after
Heap after GC invocations=8 (full 1):
 PSYoungGen      total 139776K, used 10731K [0x00000007aab00000, 0x00000007b7f00000, 0x00000007c0000000)
  eden space 129024K, 0% used [0x00000007aab00000,0x00000007aab00000,0x00000007b2900000)
  from space 10752K, 99% used [0x00000007b2900000,0x00000007b337af08,0x00000007b3380000)
  to   space 15360K, 0% used [0x00000007b7000000,0x00000007b7000000,0x00000007b7f00000)
 ParOldGen       total 47104K, used 21587K [0x0000000780000000, 0x0000000782e00000, 0x00000007aab00000)
  object space 47104K, 45% used [0x0000000780000000,0x0000000781514f78,0x0000000782e00000)
 Metaspace       used 26735K, capacity 27152K, committed 27392K, reserved 1073152K
  class space    used 3130K, capacity 3314K, committed 3328K, reserved 1048576K
}

Deoptimization events (10 events):
Event: 9,616 Thread 0x00007fdb1e29e800 Uncommon trap: reason=unstable_if action=reinterpret pc=0x000000010cb52f3c method=java.util.Properties.loadConvert([CII[C)Ljava/lang/String; @ 57
Event: 9,618 Thread 0x00007fdb1e29e800 Uncommon trap: reason=unstable_if action=reinterpret pc=0x000000010cbccb24 method=java.lang.AbstractStringBuilder.append(Ljava/lang/String;)Ljava/lang/AbstractStringBuilder; @ 1
Event: 9,618 Thread 0x00007fdb1e29e800 Uncommon trap: reason=unstable_if action=reinterpret pc=0x000000010cb0068c method=java.lang.AbstractStringBuilder.append(Ljava/lang/String;)Ljava/lang/AbstractStringBuilder; @ 1
Event: 9,641 Thread 0x00007fdb1e29e800 Uncommon trap: reason=bimorphic action=maybe_recompile pc=0x000000010d23ed1c method=java.util.Hashtable.addEntry(ILjava/lang/Object;Ljava/lang/Object;I)V @ 38
Event: 9,649 Thread 0x00007fdb1e29e800 Uncommon trap: reason=unstable_if action=reinterpret pc=0x000000010d32149c method=com.sun.org.apache.xerces.internal.impl.XMLEntityScanner.checkBeforeLoad(Lcom/sun/xml/internal/stream/Entity$ScannedEntity;II)I @ 18
Event: 9,677 Thread 0x00007fdb1e29e800 Uncommon trap: reason=unstable_if action=reinterpret pc=0x000000010cd524d4 method=com.sun.org.apache.xerces.internal.impl.XMLEntityScanner.checkBeforeLoad(Lcom/sun/xml/internal/stream/Entity$ScannedEntity;II)I @ 18
Event: 10,401 Thread 0x00007fdb1e29e800 Uncommon trap: reason=unstable_if action=reinterpret pc=0x000000010d420df4 method=java.io.DataInputStream.readUTF(Ljava/io/DataInput;)Ljava/lang/String; @ 112
Event: 10,858 Thread 0x00007fdb1e035000 Uncommon trap: reason=unstable_if action=reinterpret pc=0x000000010ca37f40 method=java.util.HashMap$HashIterator.<init>(Ljava/util/HashMap;)V @ 45
Event: 10,859 Thread 0x00007fdb1e035000 Uncommon trap: reason=unstable_if action=reinterpret pc=0x000000010cba6480 method=java.util.HashMap$HashIterator.<init>(Ljava/util/HashMap;)V @ 45
Event: 10,859 Thread 0x00007fdb1e035000 Uncommon trap: reason=unstable_if action=reinterpret pc=0x000000010cf6aef4 method=java.util.HashMap$HashIterator.<init>(Ljava/util/HashMap;)V @ 45

Internal exceptions (10 events):
Event: 4,918 Thread 0x00007fdb1e005800 Exception <a 'java/lang/NoClassDefFoundError': org/apache/log4j/Category> (0x00000007ac99d0b8) thrown at [/Users/java_re/workspace/8-2-build-macosx-x86_64/jdk8u151/9699/hotspot/src/share/vm/classfile/systemDictionary.cpp, line 199]
Event: 5,373 Thread 0x00007fdb1e005800 Exception <a 'java/lang/NoSuchFieldError': method resolution failed> (0x00000007acd05588) thrown at [/Users/java_re/workspace/8-2-build-macosx-x86_64/jdk8u151/9699/hotspot/src/share/vm/prims/methodHandles.cpp, line 1146]
Event: 5,377 Thread 0x00007fdb1e005800 Exception <a 'java/lang/NoSuchFieldError': method resolution failed> (0x00000007acd137b8) thrown at [/Users/java_re/workspace/8-2-build-macosx-x86_64/jdk8u151/9699/hotspot/src/share/vm/prims/methodHandles.cpp, line 1146]
Event: 7,189 Thread 0x00007fdb1db2b000 Exception <a 'java/net/SocketTimeoutException': Read timed out> (0x00000007ab5e16c0) thrown at [/Users/java_re/workspace/8-2-build-macosx-x86_64/jdk8u151/9699/hotspot/src/share/vm/prims/jni.cpp, line 735]
Event: 7,634 Thread 0x00007fdb1db2b000 Exception <a 'java/net/SocketTimeoutException': Read timed out> (0x00000007ab9891a0) thrown at [/Users/java_re/workspace/8-2-build-macosx-x86_64/jdk8u151/9699/hotspot/src/share/vm/prims/jni.cpp, line 735]
Event: 8,158 Thread 0x00007fdb1ebe6800 Exception <a 'java/net/SocketTimeoutException': Read timed out> (0x00000007abd30c28) thrown at [/Users/java_re/workspace/8-2-build-macosx-x86_64/jdk8u151/9699/hotspot/src/share/vm/prims/jni.cpp, line 735]
Event: 8,468 Thread 0x00007fdb1e005800 Exception <a 'java/io/FileNotFoundException'> (0x00000007ac12fe88) thrown at [/Users/java_re/workspace/8-2-build-macosx-x86_64/jdk8u151/9699/hotspot/src/share/vm/prims/jni.cpp, line 709]
Event: 9,618 Thread 0x00007fdb1e29e800 Implicit null exception at 0x000000010cbcc733 to 0x000000010cbccb11
Event: 9,618 Thread 0x00007fdb1e29e800 Implicit null exception at 0x000000010cb002b6 to 0x000000010cb00675
Event: 11,648 Thread 0x00007fdb1e29e800 Exception <a 'java/util/zip/ZipException'> (0x00000007b0ffc800) thrown at [/Users/java_re/workspace/8-2-build-macosx-x86_64/jdk8u151/9699/hotspot/src/share/vm/prims/jni.cpp, line 709]

Events (10 events):
Event: 11,649 Executing VM operation: RevokeBias
Event: 11,649 Executing VM operation: RevokeBias done
Event: 11,649 Executing VM operation: RevokeBias
Event: 11,649 Executing VM operation: RevokeBias done
Event: 11,650 loading class java/lang/Throwable$WrappedPrintWriter
Event: 11,650 loading class java/lang/Throwable$PrintStreamOrWriter
Event: 11,650 loading class java/lang/Throwable$PrintStreamOrWriter done
Event: 11,650 loading class java/lang/Throwable$WrappedPrintWriter done
Event: 11,651 Executing VM operation: RevokeBias
Event: 11,651 Executing VM operation: RevokeBias done


Dynamic libraries:
0x0000000019e09000 	/System/Library/Frameworks/Cocoa.framework/Versions/A/Cocoa
0x0000000019e09000 	/System/Library/Frameworks/Security.framework/Versions/A/Security
0x0000000019e09000 	/System/Library/Frameworks/ApplicationServices.framework/Versions/A/ApplicationServices
0x0000000019e09000 	/usr/lib/libz.1.dylib
0x0000000019e09000 	/usr/lib/libSystem.B.dylib
0x0000000019e09000 	/usr/lib/libobjc.A.dylib
0x0000000019e09000 	/System/Library/Frameworks/CoreFoundation.framework/Versions/A/CoreFoundation
0x0000000019e09000 	/System/Library/Frameworks/Foundation.framework/Versions/C/Foundation
0x0000000019e09000 	/System/Library/Frameworks/AppKit.framework/Versions/C/AppKit
0x0000000019e09000 	/System/Library/Frameworks/CoreData.framework/Versions/A/CoreData
0x0000000019e09000 	/System/Library/PrivateFrameworks/RemoteViewServices.framework/Versions/A/RemoteViewServices
0x0000000019e09000 	/System/Library/PrivateFrameworks/UIFoundation.framework/Versions/A/UIFoundation
0x0000000019e09000 	/System/Library/PrivateFrameworks/DFRFoundation.framework/Versions/A/DFRFoundation
0x0000000019e09000 	/System/Library/Frameworks/Metal.framework/Versions/A/Metal
0x0000000019e09000 	/System/Library/PrivateFrameworks/DesktopServicesPriv.framework/Versions/A/DesktopServicesPriv
0x0000000019e09000 	/usr/lib/libenergytrace.dylib
0x0000000019e09000 	/System/Library/PrivateFrameworks/SkyLight.framework/Versions/A/SkyLight
0x0000000019e09000 	/System/Library/Frameworks/CoreGraphics.framework/Versions/A/CoreGraphics
0x0000000019e09000 	/usr/lib/libScreenReader.dylib
0x0000000019e09000 	/System/Library/Frameworks/Accelerate.framework/Versions/A/Accelerate
0x0000000019e09000 	/System/Library/Frameworks/IOSurface.framework/Versions/A/IOSurface
0x0000000019e09000 	/System/Library/Frameworks/AudioToolbox.framework/Versions/A/AudioToolbox
0x0000000019e09000 	/System/Library/Frameworks/AudioUnit.framework/Versions/A/AudioUnit
0x0000000019e09000 	/System/Library/PrivateFrameworks/DataDetectorsCore.framework/Versions/A/DataDetectorsCore
0x0000000019e09000 	/System/Library/Frameworks/Carbon.framework/Versions/A/Frameworks/HIToolbox.framework/Versions/A/HIToolbox
0x0000000019e09000 	/usr/lib/libicucore.A.dylib
0x0000000019e09000 	/System/Library/Frameworks/QuartzCore.framework/Versions/A/QuartzCore
0x0000000019e09000 	/System/Library/PrivateFrameworks/SignpostNotification.framework/Versions/A/SignpostNotification
0x0000000019e09000 	/System/Library/Frameworks/Carbon.framework/Versions/A/Frameworks/SpeechRecognition.framework/Versions/A/SpeechRecognition
0x0000000019e09000 	/usr/lib/libauto.dylib
0x0000000019e09000 	/usr/lib/libxml2.2.dylib
0x0000000019e09000 	/System/Library/PrivateFrameworks/CoreUI.framework/Versions/A/CoreUI
0x0000000019e09000 	/System/Library/Frameworks/CoreAudio.framework/Versions/A/CoreAudio
0x0000000019e09000 	/System/Library/Frameworks/DiskArbitration.framework/Versions/A/DiskArbitration
0x0000000019e09000 	/usr/lib/liblangid.dylib
0x0000000019e09000 	/System/Library/PrivateFrameworks/MultitouchSupport.framework/Versions/A/MultitouchSupport
0x0000000019e09000 	/System/Library/Frameworks/IOKit.framework/Versions/A/IOKit
0x0000000019e09000 	/usr/lib/libDiagnosticMessagesClient.dylib
0x0000000019e09000 	/System/Library/Frameworks/CoreServices.framework/Versions/A/CoreServices
0x0000000019e09000 	/System/Library/PrivateFrameworks/PerformanceAnalysis.framework/Versions/A/PerformanceAnalysis
0x0000000019e09000 	/System/Library/Frameworks/OpenGL.framework/Versions/A/OpenGL
0x0000000019e09000 	/System/Library/Frameworks/ColorSync.framework/Versions/A/ColorSync
0x0000000019e09000 	/System/Library/Frameworks/CoreImage.framework/Versions/A/CoreImage
0x0000000019e09000 	/System/Library/Frameworks/CoreText.framework/Versions/A/CoreText
0x0000000019e09000 	/System/Library/Frameworks/ImageIO.framework/Versions/A/ImageIO
0x0000000019e09000 	/System/Library/PrivateFrameworks/Backup.framework/Versions/A/Backup
0x0000000019e09000 	/usr/lib/libarchive.2.dylib
0x0000000019e09000 	/System/Library/Frameworks/CFNetwork.framework/Versions/A/CFNetwork
0x0000000019e09000 	/System/Library/Frameworks/SystemConfiguration.framework/Versions/A/SystemConfiguration
0x0000000019e09000 	/usr/lib/libCRFSuite.dylib
0x0000000019e09000 	/usr/lib/libc++.1.dylib
0x0000000019e09000 	/usr/lib/libc++abi.dylib
0x0000000019e09000 	/usr/lib/system/libcache.dylib
0x0000000019e09000 	/usr/lib/system/libcommonCrypto.dylib
0x0000000019e09000 	/usr/lib/system/libcompiler_rt.dylib
0x0000000019e09000 	/usr/lib/system/libcopyfile.dylib
0x0000000019e09000 	/usr/lib/system/libcorecrypto.dylib
0x0000000019e09000 	/usr/lib/system/libdispatch.dylib
0x0000000019e09000 	/usr/lib/system/libdyld.dylib
0x0000000019e09000 	/usr/lib/system/libkeymgr.dylib
0x0000000019e09000 	/usr/lib/system/liblaunch.dylib
0x0000000019e09000 	/usr/lib/system/libmacho.dylib
0x0000000019e09000 	/usr/lib/system/libquarantine.dylib
0x0000000019e09000 	/usr/lib/system/libremovefile.dylib
0x0000000019e09000 	/usr/lib/system/libsystem_asl.dylib
0x0000000019e09000 	/usr/lib/system/libsystem_blocks.dylib
0x0000000019e09000 	/usr/lib/system/libsystem_c.dylib
0x0000000019e09000 	/usr/lib/system/libsystem_configuration.dylib
0x0000000019e09000 	/usr/lib/system/libsystem_coreservices.dylib
0x0000000019e09000 	/usr/lib/system/libsystem_darwin.dylib
0x0000000019e09000 	/usr/lib/system/libsystem_dnssd.dylib
0x0000000019e09000 	/usr/lib/system/libsystem_info.dylib
0x0000000019e09000 	/usr/lib/system/libsystem_m.dylib
0x0000000019e09000 	/usr/lib/system/libsystem_malloc.dylib
0x0000000019e09000 	/usr/lib/system/libsystem_network.dylib
0x0000000019e09000 	/usr/lib/system/libsystem_networkextension.dylib
0x0000000019e09000 	/usr/lib/system/libsystem_notify.dylib
0x0000000019e09000 	/usr/lib/system/libsystem_sandbox.dylib
0x0000000019e09000 	/usr/lib/system/libsystem_secinit.dylib
0x0000000019e09000 	/usr/lib/system/libsystem_kernel.dylib
0x0000000019e09000 	/usr/lib/system/libsystem_platform.dylib
0x0000000019e09000 	/usr/lib/system/libsystem_pthread.dylib
0x0000000019e09000 	/usr/lib/system/libsystem_symptoms.dylib
0x0000000019e09000 	/usr/lib/system/libsystem_trace.dylib
0x0000000019e09000 	/usr/lib/system/libunwind.dylib
0x0000000019e09000 	/usr/lib/system/libxpc.dylib
0x0000000019e09000 	/usr/lib/closure/libclosured.dylib
0x0000000019e09000 	/usr/lib/libbsm.0.dylib
0x0000000019e09000 	/usr/lib/system/libkxld.dylib
0x0000000019e09000 	/usr/lib/libOpenScriptingUtil.dylib
0x0000000019e09000 	/usr/lib/libcoretls.dylib
0x0000000019e09000 	/usr/lib/libcoretls_cfhelpers.dylib
0x0000000019e09000 	/usr/lib/libpam.2.dylib
0x0000000019e09000 	/usr/lib/libsqlite3.dylib
0x0000000019e09000 	/usr/lib/libxar.1.dylib
0x0000000019e09000 	/usr/lib/libbz2.1.0.dylib
0x0000000019e09000 	/usr/lib/liblzma.5.dylib
0x0000000019e09000 	/usr/lib/libnetwork.dylib
0x0000000019e09000 	/usr/lib/libapple_nghttp2.dylib
0x0000000019e09000 	/usr/lib/libpcap.A.dylib
0x0000000019e09000 	/usr/lib/libboringssl.dylib
0x0000000019e09000 	/usr/lib/libusrtcp.dylib
0x0000000019e09000 	/usr/lib/libapple_crypto.dylib
0x0000000019e09000 	/System/Library/Frameworks/CoreServices.framework/Versions/A/Frameworks/FSEvents.framework/Versions/A/FSEvents
0x0000000019e09000 	/System/Library/Frameworks/CoreServices.framework/Versions/A/Frameworks/CarbonCore.framework/Versions/A/CarbonCore
0x0000000019e09000 	/System/Library/Frameworks/CoreServices.framework/Versions/A/Frameworks/Metadata.framework/Versions/A/Metadata
0x0000000019e09000 	/System/Library/Frameworks/CoreServices.framework/Versions/A/Frameworks/OSServices.framework/Versions/A/OSServices
0x0000000019e09000 	/System/Library/Frameworks/CoreServices.framework/Versions/A/Frameworks/SearchKit.framework/Versions/A/SearchKit
0x0000000019e09000 	/System/Library/Frameworks/CoreServices.framework/Versions/A/Frameworks/AE.framework/Versions/A/AE
0x0000000019e09000 	/System/Library/Frameworks/CoreServices.framework/Versions/A/Frameworks/LaunchServices.framework/Versions/A/LaunchServices
0x0000000019e09000 	/System/Library/Frameworks/CoreServices.framework/Versions/A/Frameworks/DictionaryServices.framework/Versions/A/DictionaryServices
0x0000000019e09000 	/System/Library/Frameworks/CoreServices.framework/Versions/A/Frameworks/SharedFileList.framework/Versions/A/SharedFileList
0x0000000019e09000 	/System/Library/Frameworks/NetFS.framework/Versions/A/NetFS
0x0000000019e09000 	/System/Library/PrivateFrameworks/NetAuth.framework/Versions/A/NetAuth
0x0000000019e09000 	/System/Library/PrivateFrameworks/login.framework/Versions/A/Frameworks/loginsupport.framework/Versions/A/loginsupport
0x0000000019e09000 	/System/Library/PrivateFrameworks/TCC.framework/Versions/A/TCC
0x0000000019e09000 	/usr/lib/libmecabra.dylib
0x0000000019e09000 	/System/Library/Frameworks/ApplicationServices.framework/Versions/A/Frameworks/ATS.framework/Versions/A/ATS
0x0000000019e09000 	/System/Library/Frameworks/ApplicationServices.framework/Versions/A/Frameworks/ColorSyncLegacy.framework/Versions/A/ColorSyncLegacy
0x0000000019e09000 	/System/Library/Frameworks/ApplicationServices.framework/Versions/A/Frameworks/HIServices.framework/Versions/A/HIServices
0x0000000019e09000 	/System/Library/Frameworks/ApplicationServices.framework/Versions/A/Frameworks/LangAnalysis.framework/Versions/A/LangAnalysis
0x0000000019e09000 	/System/Library/Frameworks/ApplicationServices.framework/Versions/A/Frameworks/PrintCore.framework/Versions/A/PrintCore
0x0000000019e09000 	/System/Library/Frameworks/ApplicationServices.framework/Versions/A/Frameworks/QD.framework/Versions/A/QD
0x0000000019e09000 	/System/Library/Frameworks/ApplicationServices.framework/Versions/A/Frameworks/SpeechSynthesis.framework/Versions/A/SpeechSynthesis
0x0000000019e09000 	/System/Library/Frameworks/CoreDisplay.framework/Versions/A/CoreDisplay
0x0000000019e09000 	/System/Library/Frameworks/Accelerate.framework/Versions/A/Frameworks/vImage.framework/Versions/A/vImage
0x0000000019e09000 	/System/Library/Frameworks/Accelerate.framework/Versions/A/Frameworks/vecLib.framework/Versions/A/vecLib
0x0000000019e09000 	/System/Library/Frameworks/Accelerate.framework/Versions/A/Frameworks/vecLib.framework/Versions/A/libvDSP.dylib
0x0000000019e09000 	/System/Library/Frameworks/Accelerate.framework/Versions/A/Frameworks/vecLib.framework/Versions/A/libBNNS.dylib
0x0000000019e09000 	/System/Library/Frameworks/Accelerate.framework/Versions/A/Frameworks/vecLib.framework/Versions/A/libQuadrature.dylib
0x0000000019e09000 	/System/Library/Frameworks/Accelerate.framework/Versions/A/Frameworks/vecLib.framework/Versions/A/libvMisc.dylib
0x0000000019e09000 	/System/Library/Frameworks/Accelerate.framework/Versions/A/Frameworks/vecLib.framework/Versions/A/libLAPACK.dylib
0x0000000019e09000 	/System/Library/Frameworks/Accelerate.framework/Versions/A/Frameworks/vecLib.framework/Versions/A/libBLAS.dylib
0x0000000019e09000 	/System/Library/Frameworks/Accelerate.framework/Versions/A/Frameworks/vecLib.framework/Versions/A/libLinearAlgebra.dylib
0x0000000019e09000 	/System/Library/Frameworks/Accelerate.framework/Versions/A/Frameworks/vecLib.framework/Versions/A/libSparse.dylib
0x0000000019e09000 	/System/Library/Frameworks/Accelerate.framework/Versions/A/Frameworks/vecLib.framework/Versions/A/libSparseBLAS.dylib
0x0000000019e09000 	/System/Library/PrivateFrameworks/GPUWrangler.framework/Versions/A/GPUWrangler
0x0000000019e09000 	/System/Library/PrivateFrameworks/IOAccelerator.framework/Versions/A/IOAccelerator
0x0000000019e09000 	/System/Library/PrivateFrameworks/IOPresentment.framework/Versions/A/IOPresentment
0x0000000019e09000 	/System/Library/PrivateFrameworks/DSExternalDisplay.framework/Versions/A/DSExternalDisplay
0x0000000019e09000 	/System/Library/Frameworks/OpenGL.framework/Versions/A/Libraries/libCoreFSCache.dylib
0x0000000019e09000 	/System/Library/Frameworks/CoreVideo.framework/Versions/A/CoreVideo
0x0000000019e09000 	/System/Library/PrivateFrameworks/GraphVisualizer.framework/Versions/A/GraphVisualizer
0x0000000019e09000 	/System/Library/Frameworks/MetalPerformanceShaders.framework/Versions/A/MetalPerformanceShaders
0x0000000019e09000 	/usr/lib/libFosl_dynamic.dylib
0x0000000019e09000 	/System/Library/PrivateFrameworks/FaceCore.framework/Versions/A/FaceCore
0x0000000019e09000 	/System/Library/Frameworks/OpenCL.framework/Versions/A/OpenCL
0x0000000019e09000 	/usr/lib/libcompression.dylib
0x0000000019e09000 	/System/Library/Frameworks/ApplicationServices.framework/Versions/A/Frameworks/ATS.framework/Versions/A/Resources/libFontParser.dylib
0x0000000019e09000 	/System/Library/Frameworks/ApplicationServices.framework/Versions/A/Frameworks/ATS.framework/Versions/A/Resources/libFontRegistry.dylib
0x0000000019e09000 	/System/Library/Frameworks/ImageIO.framework/Versions/A/Resources/libJPEG.dylib
0x0000000019e09000 	/System/Library/Frameworks/ImageIO.framework/Versions/A/Resources/libTIFF.dylib
0x0000000019e09000 	/System/Library/Frameworks/ImageIO.framework/Versions/A/Resources/libPng.dylib
0x0000000019e09000 	/System/Library/Frameworks/ImageIO.framework/Versions/A/Resources/libGIF.dylib
0x0000000019e09000 	/System/Library/Frameworks/ImageIO.framework/Versions/A/Resources/libJP2.dylib
0x0000000019e09000 	/System/Library/Frameworks/ImageIO.framework/Versions/A/Resources/libRadiance.dylib
0x0000000019e09000 	/System/Library/PrivateFrameworks/AppleJPEG.framework/Versions/A/AppleJPEG
0x0000000019e09000 	/System/Library/Frameworks/MetalPerformanceShaders.framework/Frameworks/MPSCore.framework/Versions/A/MPSCore
0x0000000019e09000 	/System/Library/Frameworks/MetalPerformanceShaders.framework/Frameworks/MPSImage.framework/Versions/A/MPSImage
0x0000000019e09000 	/System/Library/Frameworks/MetalPerformanceShaders.framework/Frameworks/MPSNeuralNetwork.framework/Versions/A/MPSNeuralNetwork
0x0000000019e09000 	/System/Library/Frameworks/MetalPerformanceShaders.framework/Frameworks/MPSMatrix.framework/Versions/A/MPSMatrix
0x0000000019e09000 	/System/Library/PrivateFrameworks/MetalTools.framework/Versions/A/MetalTools
0x0000000019e09000 	/System/Library/Frameworks/OpenGL.framework/Versions/A/Libraries/libGLU.dylib
0x0000000019e09000 	/System/Library/Frameworks/OpenGL.framework/Versions/A/Libraries/libGFXShared.dylib
0x0000000019e09000 	/System/Library/Frameworks/OpenGL.framework/Versions/A/Libraries/libGL.dylib
0x0000000019e09000 	/System/Library/Frameworks/OpenGL.framework/Versions/A/Libraries/libGLImage.dylib
0x0000000019e09000 	/System/Library/Frameworks/OpenGL.framework/Versions/A/Libraries/libCVMSPluginSupport.dylib
0x0000000019e09000 	/System/Library/Frameworks/OpenGL.framework/Versions/A/Libraries/libCoreVMClient.dylib
0x0000000019e09000 	/usr/lib/libcups.2.dylib
0x0000000019e09000 	/System/Library/Frameworks/Kerberos.framework/Versions/A/Kerberos
0x0000000019e09000 	/System/Library/Frameworks/GSS.framework/Versions/A/GSS
0x0000000019e09000 	/usr/lib/libresolv.9.dylib
0x0000000019e09000 	/usr/lib/libiconv.2.dylib
0x0000000019e09000 	/System/Library/PrivateFrameworks/Heimdal.framework/Versions/A/Heimdal
0x0000000019e09000 	/usr/lib/libheimdal-asn1.dylib
0x0000000019e09000 	/System/Library/Frameworks/OpenDirectory.framework/Versions/A/OpenDirectory
0x0000000019e09000 	/System/Library/PrivateFrameworks/CommonAuth.framework/Versions/A/CommonAuth
0x0000000019e09000 	/System/Library/Frameworks/OpenDirectory.framework/Versions/A/Frameworks/CFOpenDirectory.framework/Versions/A/CFOpenDirectory
0x0000000019e09000 	/System/Library/Frameworks/SecurityFoundation.framework/Versions/A/SecurityFoundation
0x0000000019e09000 	/System/Library/PrivateFrameworks/APFS.framework/Versions/A/APFS
0x0000000019e09000 	/usr/lib/libutil.dylib
0x0000000019e09000 	/System/Library/PrivateFrameworks/AppleSauce.framework/Versions/A/AppleSauce
0x0000000019e09000 	/System/Library/PrivateFrameworks/LinguisticData.framework/Versions/A/LinguisticData
0x0000000019e09000 	/usr/lib/libmarisa.dylib
0x0000000019e09000 	/System/Library/PrivateFrameworks/Lexicon.framework/Versions/A/Lexicon
0x0000000019e09000 	/usr/lib/libChineseTokenizer.dylib
0x0000000019e09000 	/usr/lib/libcmph.dylib
0x0000000019e09000 	/System/Library/PrivateFrameworks/LanguageModeling.framework/Versions/A/LanguageModeling
0x0000000019e09000 	/System/Library/PrivateFrameworks/CoreEmoji.framework/Versions/A/CoreEmoji
0x0000000019e09000 	/System/Library/Frameworks/ServiceManagement.framework/Versions/A/ServiceManagement
0x0000000019e09000 	/System/Library/PrivateFrameworks/BackgroundTaskManagement.framework/Versions/A/BackgroundTaskManagement
0x0000000019e09000 	/usr/lib/libxslt.1.dylib
0x0000000019e09000 	/System/Library/Frameworks/Carbon.framework/Versions/A/Frameworks/Ink.framework/Versions/A/Ink
0x0000000019e09000 	/System/Library/PrivateFrameworks/TextureIO.framework/Versions/A/TextureIO
0x0000000019e09000 	/usr/lib/libate.dylib
0x0000000019e09000 	/System/Library/PrivateFrameworks/CrashReporterSupport.framework/Versions/A/CrashReporterSupport
0x0000000019e09000 	/System/Library/PrivateFrameworks/Sharing.framework/Versions/A/Sharing
0x0000000019e09000 	/System/Library/PrivateFrameworks/IconServices.framework/Versions/A/IconServices
0x0000000019e09000 	/System/Library/PrivateFrameworks/Apple80211.framework/Versions/A/Apple80211
0x0000000019e09000 	/System/Library/PrivateFrameworks/CoreUtils.framework/Versions/A/CoreUtils
0x0000000019e09000 	/System/Library/Frameworks/CoreWLAN.framework/Versions/A/CoreWLAN
0x0000000019e09000 	/System/Library/Frameworks/IOBluetooth.framework/Versions/A/IOBluetooth
0x0000000019e09000 	/System/Library/PrivateFrameworks/ProtocolBuffer.framework/Versions/A/ProtocolBuffer
0x0000000019e09000 	/System/Library/PrivateFrameworks/CoreWiFi.framework/Versions/A/CoreWiFi
0x0000000019e09000 	/System/Library/Frameworks/CoreBluetooth.framework/Versions/A/CoreBluetooth
0x0000000019e09000 	/System/Library/PrivateFrameworks/DebugSymbols.framework/Versions/A/DebugSymbols
0x0000000019e09000 	/System/Library/PrivateFrameworks/CoreSymbolication.framework/Versions/A/CoreSymbolication
0x0000000019e09000 	/System/Library/PrivateFrameworks/Symbolication.framework/Versions/A/Symbolication
0x0000000019e09000 	/System/Library/PrivateFrameworks/AppleFSCompression.framework/Versions/A/AppleFSCompression
0x0000000019e09000 	/System/Library/PrivateFrameworks/SpeechRecognitionCore.framework/Versions/A/SpeechRecognitionCore
0x0000000104600000 	/Library/Java/JavaVirtualMachines/jdk1.8.0_151.jdk/Contents/Home/jre/lib/server/libjvm.dylib
0x0000000019e09000 	/usr/lib/libstdc++.6.0.9.dylib
0x0000000103d7d000 	/Library/Java/JavaVirtualMachines/jdk1.8.0_151.jdk/Contents/Home/jre/lib/libverify.dylib
0x0000000103d8b000 	/Library/Java/JavaVirtualMachines/jdk1.8.0_151.jdk/Contents/Home/jre/lib/libjava.dylib
0x0000000103dc9000 	/Library/Java/JavaVirtualMachines/jdk1.8.0_151.jdk/Contents/Home/jre/lib/libzip.dylib
0x0000000019e09000 	/System/Library/Frameworks/JavaVM.framework/Versions/A/Frameworks/JavaRuntimeSupport.framework/Versions/A/JavaRuntimeSupport
0x0000000019e09000 	/System/Library/Frameworks/JavaVM.framework/Versions/A/Frameworks/JavaNativeFoundation.framework/Versions/A/JavaNativeFoundation
0x0000000019e09000 	/System/Library/Frameworks/JavaVM.framework/Versions/A/JavaVM
0x0000000019e09000 	/System/Library/Frameworks/Carbon.framework/Versions/A/Carbon
0x0000000019e09000 	/System/Library/PrivateFrameworks/JavaLaunching.framework/Versions/A/JavaLaunching
0x0000000019e09000 	/System/Library/Frameworks/Carbon.framework/Versions/A/Frameworks/CommonPanels.framework/Versions/A/CommonPanels
0x0000000019e09000 	/System/Library/Frameworks/Carbon.framework/Versions/A/Frameworks/Help.framework/Versions/A/Help
0x0000000019e09000 	/System/Library/Frameworks/Carbon.framework/Versions/A/Frameworks/ImageCapture.framework/Versions/A/ImageCapture
0x0000000019e09000 	/System/Library/Frameworks/Carbon.framework/Versions/A/Frameworks/OpenScripting.framework/Versions/A/OpenScripting
0x0000000019e09000 	/System/Library/Frameworks/Carbon.framework/Versions/A/Frameworks/Print.framework/Versions/A/Print
0x0000000019e09000 	/System/Library/Frameworks/Carbon.framework/Versions/A/Frameworks/SecurityHI.framework/Versions/A/SecurityHI
0x000000010b5aa000 	/Library/Java/JavaVirtualMachines/jdk1.8.0_151.jdk/Contents/Home/jre/lib/libnet.dylib
0x000000010b5c1000 	/Library/Java/JavaVirtualMachines/jdk1.8.0_151.jdk/Contents/Home/jre/lib/libnio.dylib
0x000000010c45f000 	/Library/Java/JavaVirtualMachines/jdk1.8.0_151.jdk/Contents/Home/jre/lib/libsunec.dylib
0x000000010b427000 	/Library/Java/JavaVirtualMachines/jdk1.8.0_151.jdk/Contents/Home/jre/lib/libmanagement.dylib

VM Arguments:
jvm_args: -Dclassworlds.conf=/Applications/apache-maven-3.2.2/bin/m2.conf -Dmaven.home=/Applications/apache-maven-3.2.2 
java_command: org.codehaus.plexus.classworlds.launcher.Launcher tomcat7:run-war-only
java_class_path (initial): /Applications/apache-maven-3.2.2/boot/plexus-classworlds-2.5.1.jar
Launcher Type: SUN_STANDARD

Environment Variables:
JAVA_HOME=/Library/Java/JavaVirtualMachines/jdk1.8.0_151.jdk/Contents/Home
PATH=/usr/bin:/bin:/usr/sbin:/sbin:/usr/local/bin:/usr/local/share/dotnet:/opt/X11/bin:/Library/Frameworks/Mono.framework/Versions/Current/Commands:/Applications/Xamarin Workbooks.app/Contents/SharedSupport/path-bin:/Applications/apache-maven-3.2.2/bin
SHELL=/bin/bash
DISPLAY=/private/tmp/com.apple.launchd.FupEicqqG0/org.macosforge.xquartz:0

Signal Handlers:
SIGSEGV: [libjvm.dylib+0x5b27a5], sa_mask[0]=11111111011111110111111111111111, sa_flags=SA_ONSTACK|SA_RESTART|SA_SIGINFO
SIGBUS: [libjvm.dylib+0x5b27a5], sa_mask[0]=11111111011111110111111111111111, sa_flags=SA_RESTART|SA_SIGINFO
SIGFPE: [libjvm.dylib+0x4891c4], sa_mask[0]=11111111011111110111111111111111, sa_flags=SA_RESTART|SA_SIGINFO
SIGPIPE: [libjvm.dylib+0x4891c4], sa_mask[0]=11111111011111110111111111111111, sa_flags=SA_RESTART|SA_SIGINFO
SIGXFSZ: [libjvm.dylib+0x4891c4], sa_mask[0]=11111111011111110111111111111111, sa_flags=SA_RESTART|SA_SIGINFO
SIGILL: [libjvm.dylib+0x4891c4], sa_mask[0]=11111111011111110111111111111111, sa_flags=SA_RESTART|SA_SIGINFO
SIGUSR1: SIG_DFL, sa_mask[0]=11011111011111100000000111000110, sa_flags=none
SIGUSR2: [libjvm.dylib+0x488ce2], sa_mask[0]=00000000000000000000000000000000, sa_flags=SA_RESTART|SA_SIGINFO
SIGHUP: [libjvm.dylib+0x4872b9], sa_mask[0]=11111111011111110111111111111111, sa_flags=SA_RESTART|SA_SIGINFO
SIGINT: [libjvm.dylib+0x4872b9], sa_mask[0]=11111111011111110111111111111111, sa_flags=SA_RESTART|SA_SIGINFO
SIGTERM: [libjvm.dylib+0x4872b9], sa_mask[0]=11111111011111110111111111111111, sa_flags=SA_RESTART|SA_SIGINFO
SIGQUIT: [libjvm.dylib+0x4872b9], sa_mask[0]=11111111011111110111111111111111, sa_flags=SA_RESTART|SA_SIGINFO


---------------  S Y S T E M  ---------------

OS:Bsduname:Darwin 17.5.0 Darwin Kernel Version 17.5.0: Fri Apr 13 19:32:32 PDT 2018; root:xnu-4570.51.2~1/RELEASE_X86_64 x86_64
rlimit: STACK 8192k, CORE 0k, NPROC 709, NOFILE 10240, AS infinity
load average:6,74 5,85 4,64

CPU:total 4 (initial active 4) (2 cores per cpu, 2 threads per core) family 6 model 69 stepping 1, cmov, cx8, fxsr, mmx, sse, sse2, sse3, ssse3, sse4.1, sse4.2, popcnt, avx, avx2, aes, clmul, erms, lzcnt, ht, tsc, tscinvbit, bmi1, bmi2

Memory: 4k page, physical 4194304k(545968k free)

/proc/meminfo:


vm_info: Java HotSpot(TM) 64-Bit Server VM (25.151-b12) for bsd-amd64 JRE (1.8.0_151-b12), built on Sep  5 2017 19:37:08 by "java_re" with gcc 4.2.1 (Based on Apple Inc. build 5658) (LLVM build 2336.11.00)

time: Sat Jun  2 09:27:14 2018
elapsed time: 11 seconds (0d 0h 0m 11s)

