#
# A fatal error has been detected by the Java Runtime Environment:
#
#  SIGBUS (0xa) at pc=0x000000010e3aee92, pid=12029, tid=0x0000000000002707
#
# JRE version: Java(TM) SE Runtime Environment (8.0_151-b12) (build 1.8.0_151-b12)
# Java VM: Java HotSpot(TM) 64-Bit Server VM (25.151-b12 mixed mode bsd-amd64 compressed oops)
# Problematic frame:
# C  [libzip.dylib+0x2e92]  newEntry+0x154
#
# Failed to write core dump. Core dumps have been disabled. To enable core dumping, try "ulimit -c unlimited" before starting Java again
#
# If you would like to submit a bug report, please visit:
#   http://bugreport.java.com/bugreport/crash.jsp
# The crash happened outside the Java Virtual Machine in native code.
# See problematic frame for where to report the bug.
#

---------------  T H R E A D  ---------------

Current thread (0x00007f9ef61c6800):  JavaThread "localhost-startStop-1" daemon [_thread_in_native, id=9991, stack(0x00007000063b9000,0x00007000064b9000)]

siginfo: si_signo: 10 (SIGBUS), si_code: 2 (BUS_ADRERR), si_addr: 0x0000000115c253cc

Registers:
RAX=0x00007f9ef6984d00, RBX=0x0000000115c253c0, RCX=0x0000000000000001, RDX=0x0000000000100000
RSP=0x00007000064b8040, RBP=0x00007000064b80a0, RSI=0x00000000fff0ffff, RDI=0x0000000000000a23
R8 =0x00000000ef45a234, R9 =0x0000000000000004, R10=0x00000000fff00000, R11=0x00007f9ef4500000
R12=0x0000000000000000, R13=0x0000000000001237, R14=0x00007f9ef6984d00, R15=0x00007f9ef61c6800
RIP=0x000000010e3aee92, EFLAGS=0x0000000000010206, ERR=0x0000000000000004
  TRAPNO=0x000000000000000e

Top of Stack: (sp=0x00007000064b8040)
0x00007000064b8040:   00007f9ef665ea00 00000001f61c69f8
0x00007000064b8050:   00007000064b8070 000000010e3ad86f
0x00007000064b8060:   00007000064b8080 00007f9ef6984d00
0x00007000064b8070:   00007f9ef45a22f0 0000000000000c42
0x00007000064b8080:   0000000000000000 0000000000001237
0x00007000064b8090:   00007f9ef6984d00 00007f9ef61c6800
0x00007000064b80a0:   00007000064b80c0 000000010e3af441
0x00007000064b80b0:   00007000064b8160 00007000064b8110
0x00007000064b80c0:   00007000064b80d0 000000010e3ae157
0x00007000064b80d0:   00007000064b8120 000000011d108bf6
0x00007000064b80e0:   00000007ade558e0 00000007ade55900
0x00007000064b80f0:   000000078180a150 00000007ade56260
0x00007000064b8100:   0000000000000009 00000007ade54068
0x00007000064b8110:   0000000780000678 000000011cf0fe68
0x00007000064b8120:   0000000781809e88 000000011cfa9964
0x00007000064b8130:   00000001f030140f 000000078180a428
0x00007000064b8140:   000000078180a440 00000001f03013d1
0x00007000064b8150:   00000007816ebb40 0000000000000000
0x00007000064b8160:   0000000000000009 00007000064b81d0
0x00007000064b8170:   00007000064b81d0 000000011c633302
0x00007000064b8180:   000000011c633302 00000007816ebb40
0x00007000064b8190:   00007000064b8190 0000000117cf8465
0x00007000064b81a0:   00007000064b8230 0000000117d0a590
0x00007000064b81b0:   0000000000000000 0000000117cf8628
0x00007000064b81c0:   00007000064b8188 00007000064b8218
0x00007000064b81d0:   00007000064b8278 000000011c6332bd
0x00007000064b81e0:   0000000000000000 0000000000000000
0x00007000064b81f0:   0000000000000000 00000007ade54068
0x00007000064b8200:   00000007ade316b0 00000007ade31a08
0x00007000064b8210:   00000007816ebb40 0000000000000000
0x00007000064b8220:   00000007816eb870 00000007816ebb00
0x00007000064b8230:   00000007816814a8 00007000064b8238 

Instructions: (pc=0x000000010e3aee92)
0x000000010e3aee72:   49 8b 7f 38 e8 5b 1b 00 00 4d 89 77 38 49 89 5f
0x000000010e3aee82:   40 4c 89 f0 48 85 c0 0f 84 11 05 00 00 48 89 c3
0x000000010e3aee92:   0f b6 43 0c 0f b6 4b 0d 48 c1 e1 08 48 01 c1 0f
0x000000010e3aeea2:   b6 43 0e 0f b6 53 0f 48 c1 e2 08 48 01 c2 48 c1 

Register to memory mapping:

RAX=0x00007f9ef6984d00 is an unknown value
RBX=0x0000000115c253c0 is an unknown value
RCX=0x0000000000000001 is an unknown value
RDX=0x0000000000100000 is an unknown value
RSP=0x00007000064b8040 is pointing into the stack for thread: 0x00007f9ef61c6800
RBP=0x00007000064b80a0 is pointing into the stack for thread: 0x00007f9ef61c6800
RSI=0x00000000fff0ffff is an unknown value
RDI=0x0000000000000a23 is an unknown value
R8 =0x00000000ef45a234 is an unknown value
R9 =0x0000000000000004 is an unknown value
R10=0x00000000fff00000 is an unknown value
R11=0x00007f9ef4500000 is an unknown value
R12=0x0000000000000000 is an unknown value
R13=0x0000000000001237 is an unknown value
R14=0x00007f9ef6984d00 is an unknown value
R15=0x00007f9ef61c6800 is a thread


Stack: [0x00007000063b9000,0x00007000064b9000],  sp=0x00007000064b8040,  free space=1020k
Native frames: (J=compiled Java code, j=interpreted, Vv=VM code, C=native code)
C  [libzip.dylib+0x2e92]  newEntry+0x154
C  [libzip.dylib+0x3441]  ZIP_GetNextEntry+0x37
C  [libzip.dylib+0x2157]  Java_java_util_zip_ZipFile_getNextEntry+0xe
J 4187  java.util.zip.ZipFile.getNextEntry(JI)J (0 bytes) @ 0x000000011d108bf6 [0x000000011d108b40+0xb6]
J 4326 C2 org.apache.tomcat.util.scan.FileUrlJar.nextEntry()V (55 bytes) @ 0x000000011cfa9964 [0x000000011cfa9780+0x1e4]
j  org.apache.catalina.startup.ContextConfig.processAnnotationsJar(Ljava/net/URL;Lorg/apache/catalina/deploy/WebXml;Z)V+205
j  org.apache.catalina.startup.ContextConfig.processAnnotationsUrl(Ljava/net/URL;Lorg/apache/catalina/deploy/WebXml;Z)V+22
j  org.apache.catalina.startup.ContextConfig.processAnnotations(Ljava/util/Set;Z)V+71
j  org.apache.catalina.startup.ContextConfig.webConfig()V+334
j  org.apache.catalina.startup.ContextConfig.configureStart()V+101
j  org.apache.catalina.startup.ContextConfig.lifecycleEvent(Lorg/apache/catalina/LifecycleEvent;)V+57
j  org.apache.catalina.util.LifecycleSupport.fireLifecycleEvent(Ljava/lang/String;Ljava/lang/Object;)V+37
j  org.apache.catalina.util.LifecycleBase.fireLifecycleEvent(Ljava/lang/String;Ljava/lang/Object;)V+6
j  org.apache.catalina.core.StandardContext.startInternal()V+586
j  org.apache.catalina.util.LifecycleBase.start()V+210
j  org.apache.catalina.core.ContainerBase$StartChild.call()Ljava/lang/Void;+4
j  org.apache.catalina.core.ContainerBase$StartChild.call()Ljava/lang/Object;+1
j  java.util.concurrent.FutureTask.run()V+42
j  java.util.concurrent.ThreadPoolExecutor.runWorker(Ljava/util/concurrent/ThreadPoolExecutor$Worker;)V+95
j  java.util.concurrent.ThreadPoolExecutor$Worker.run()V+5
j  java.lang.Thread.run()V+11
v  ~StubRoutines::call_stub
V  [libjvm.dylib+0x2ee9aa]  JavaCalls::call_helper(JavaValue*, methodHandle*, JavaCallArguments*, Thread*)+0x6ae
V  [libjvm.dylib+0x2ef14e]  JavaCalls::call_virtual(JavaValue*, KlassHandle, Symbol*, Symbol*, JavaCallArguments*, Thread*)+0x164
V  [libjvm.dylib+0x2ef2fa]  JavaCalls::call_virtual(JavaValue*, Handle, KlassHandle, Symbol*, Symbol*, Thread*)+0x4a
V  [libjvm.dylib+0x349a51]  thread_entry(JavaThread*, Thread*)+0x7c
V  [libjvm.dylib+0x56c173]  JavaThread::thread_main_inner()+0x9b
V  [libjvm.dylib+0x56d860]  JavaThread::run()+0x1c2
V  [libjvm.dylib+0x48bbb2]  java_start(Thread*)+0xf6
C  [libsystem_pthread.dylib+0x3661]  _pthread_body+0x154
C  [libsystem_pthread.dylib+0x350d]  _pthread_body+0x0
C  [libsystem_pthread.dylib+0x2bf9]  thread_start+0xd
C  0x0000000000000000

Java frames: (J=compiled Java code, j=interpreted, Vv=VM code)
J 4187  java.util.zip.ZipFile.getNextEntry(JI)J (0 bytes) @ 0x000000011d108b84 [0x000000011d108b40+0x44]
J 4326 C2 org.apache.tomcat.util.scan.FileUrlJar.nextEntry()V (55 bytes) @ 0x000000011cfa9964 [0x000000011cfa9780+0x1e4]
j  org.apache.catalina.startup.ContextConfig.processAnnotationsJar(Ljava/net/URL;Lorg/apache/catalina/deploy/WebXml;Z)V+205
j  org.apache.catalina.startup.ContextConfig.processAnnotationsUrl(Ljava/net/URL;Lorg/apache/catalina/deploy/WebXml;Z)V+22
j  org.apache.catalina.startup.ContextConfig.processAnnotations(Ljava/util/Set;Z)V+71
j  org.apache.catalina.startup.ContextConfig.webConfig()V+334
j  org.apache.catalina.startup.ContextConfig.configureStart()V+101
j  org.apache.catalina.startup.ContextConfig.lifecycleEvent(Lorg/apache/catalina/LifecycleEvent;)V+57
j  org.apache.catalina.util.LifecycleSupport.fireLifecycleEvent(Ljava/lang/String;Ljava/lang/Object;)V+37
j  org.apache.catalina.util.LifecycleBase.fireLifecycleEvent(Ljava/lang/String;Ljava/lang/Object;)V+6
j  org.apache.catalina.core.StandardContext.startInternal()V+586
j  org.apache.catalina.util.LifecycleBase.start()V+210
j  org.apache.catalina.core.ContainerBase$StartChild.call()Ljava/lang/Void;+4
j  org.apache.catalina.core.ContainerBase$StartChild.call()Ljava/lang/Object;+1
j  java.util.concurrent.FutureTask.run()V+42
j  java.util.concurrent.ThreadPoolExecutor.runWorker(Ljava/util/concurrent/ThreadPoolExecutor$Worker;)V+95
j  java.util.concurrent.ThreadPoolExecutor$Worker.run()V+5
j  java.lang.Thread.run()V+11
v  ~StubRoutines::call_stub

---------------  P R O C E S S  ---------------

Java Threads: ( => current thread )
=>0x00007f9ef61c6800 JavaThread "localhost-startStop-1" daemon [_thread_in_native, id=9991, stack(0x00007000063b9000,0x00007000064b9000)]
  0x00007f9ef76fb000 JavaThread "Tomcat-startStop-1" daemon [_thread_blocked, id=10263, stack(0x00007000062b6000,0x00007000063b6000)]
  0x00007f9ef5021800 JavaThread "Service Thread" daemon [_thread_blocked, id=13827, stack(0x00007000060b0000,0x00007000061b0000)]
  0x00007f9ef580a800 JavaThread "C1 CompilerThread2" daemon [_thread_blocked, id=13315, stack(0x0000700005fad000,0x00007000060ad000)]
  0x00007f9ef6049800 JavaThread "C2 CompilerThread1" daemon [_thread_blocked, id=13059, stack(0x0000700005eaa000,0x0000700005faa000)]
  0x00007f9ef602f800 JavaThread "C2 CompilerThread0" daemon [_thread_blocked, id=16899, stack(0x0000700005da7000,0x0000700005ea7000)]
  0x00007f9ef5039800 JavaThread "Signal Dispatcher" daemon [_thread_blocked, id=17411, stack(0x0000700005ca4000,0x0000700005da4000)]
  0x00007f9ef582a800 JavaThread "Finalizer" daemon [_thread_blocked, id=11779, stack(0x0000700005ba1000,0x0000700005ca1000)]
  0x00007f9ef6036800 JavaThread "Reference Handler" daemon [_thread_blocked, id=11267, stack(0x0000700005a9e000,0x0000700005b9e000)]
  0x00007f9ef5003800 JavaThread "main" [_thread_blocked, id=8963, stack(0x000070000548c000,0x000070000558c000)]

Other Threads:
  0x00007f9ef481a800 VMThread [stack: 0x000070000599b000,0x0000700005a9b000] [id=20739]
  0x00007f9ef580a000 WatcherThread [stack: 0x00007000061b3000,0x00007000062b3000] [id=16131]

VM state:not at safepoint (normal execution)

VM Mutex/Monitor currently owned by a thread: None

Heap:
 PSYoungGen      total 209920K, used 54077K [0x00000007aab00000, 0x00000007be480000, 0x00000007c0000000)
  eden space 189440K, 28% used [0x00000007aab00000,0x00000007adfcf4b0,0x00000007b6400000)
  from space 20480K, 0% used [0x00000007b6400000,0x00000007b6400000,0x00000007b7800000)
  to   space 27648K, 0% used [0x00000007bc980000,0x00000007bc980000,0x00000007be480000)
 ParOldGen       total 84992K, used 40822K [0x0000000780000000, 0x0000000785300000, 0x00000007aab00000)
  object space 84992K, 48% used [0x0000000780000000,0x00000007827dd978,0x0000000785300000)
 Metaspace       used 26756K, capacity 27280K, committed 27648K, reserved 1073152K
  class space    used 3129K, capacity 3314K, committed 3328K, reserved 1048576K

Card table byte_map: [0x000000010ff67000,0x0000000110168000] byte_map_base: 0x000000010c367000

Marking Bits: (ParMarkBitMap*) 0x000000010f4f35d0
 Begin Bits: [0x00000001102be000, 0x00000001112be000)
 End Bits:   [0x00000001112be000, 0x00000001122be000)

Polling page: 0x000000010e3a3000

CodeCache: size=245760Kb used=11903Kb max_used=11914Kb free=233856Kb
 bounds [0x000000011c62b000, 0x000000011d1eb000, 0x000000012b62b000]
 total_blobs=4246 nmethods=3822 adapters=337
 compilation: enabled

Compilation events (10 events):
Event: 17,623 Thread 0x00007f9ef6049800 4347       4       java.lang.ref.ReferenceQueue::remove (6 bytes)
Event: 17,623 Thread 0x00007f9ef602f800 4348       4       java.util.zip.ZipFile$ZipFileInflaterInputStream::finalize (5 bytes)
Event: 17,632 Thread 0x00007f9ef6049800 nmethod 4347 0x000000011cd49090 code [0x000000011cd49220, 0x000000011cd497f0]
Event: 17,632 Thread 0x00007f9ef6049800 4349       4       java.util.zip.ZipFile$ZipFileInputStream::finalize (5 bytes)
Event: 17,634 Thread 0x00007f9ef6049800 nmethod 4349 0x000000011d18c790 code [0x000000011d18c8e0, 0x000000011d18c968]
Event: 17,640 Thread 0x00007f9ef602f800 nmethod 4348 0x000000011d186950 code [0x000000011d186b20, 0x000000011d1871e0]
Event: 17,978 Thread 0x00007f9ef6049800 4350       4       java.lang.AbstractStringBuilder::newCapacity (39 bytes)
Event: 17,979 Thread 0x00007f9ef580a800 4351       3       java.util.regex.Matcher::group (112 bytes)
Event: 17,980 Thread 0x00007f9ef6049800 nmethod 4350 0x000000011d17ab50 code [0x000000011d17aca0, 0x000000011d17ad78]
Event: 17,981 Thread 0x00007f9ef580a800 nmethod 4351 0x000000011d1881d0 code [0x000000011d188420, 0x000000011d189188]

GC Heap History (10 events):
Event: 8,172 GC heap before
{Heap before GC invocations=7 (full 1):
 PSYoungGen      total 137216K, used 8174K [0x00000007aab00000, 0x00000007b3f00000, 0x00000007c0000000)
  eden space 129024K, 0% used [0x00000007aab00000,0x00000007aab00000,0x00000007b2900000)
  from space 8192K, 99% used [0x00000007b3300000,0x00000007b3afba38,0x00000007b3b00000)
  to   space 10240K, 0% used [0x00000007b2900000,0x00000007b2900000,0x00000007b3300000)
 ParOldGen       total 44032K, used 14336K [0x0000000780000000, 0x0000000782b00000, 0x00000007aab00000)
  object space 44032K, 32% used [0x0000000780000000,0x0000000780e00390,0x0000000782b00000)
 Metaspace       used 20724K, capacity 21140K, committed 21296K, reserved 1069056K
  class space    used 2485K, capacity 2680K, committed 2688K, reserved 1048576K
Event: 8,353 GC heap after
Heap after GC invocations=7 (full 1):
 PSYoungGen      total 137216K, used 0K [0x00000007aab00000, 0x00000007b3f00000, 0x00000007c0000000)
  eden space 129024K, 0% used [0x00000007aab00000,0x00000007aab00000,0x00000007b2900000)
  from space 8192K, 0% used [0x00000007b3300000,0x00000007b3300000,0x00000007b3b00000)
  to   space 10240K, 0% used [0x00000007b2900000,0x00000007b2900000,0x00000007b3300000)
 ParOldGen       total 45568K, used 15631K [0x0000000780000000, 0x0000000782c80000, 0x00000007aab00000)
  object space 45568K, 34% used [0x0000000780000000,0x0000000780f43e50,0x0000000782c80000)
 Metaspace       used 20724K, capacity 21140K, committed 21296K, reserved 1069056K
  class space    used 2485K, capacity 2680K, committed 2688K, reserved 1048576K
}
Event: 13,916 GC heap before
{Heap before GC invocations=8 (full 1):
 PSYoungGen      total 137216K, used 129024K [0x00000007aab00000, 0x00000007b3f00000, 0x00000007c0000000)
  eden space 129024K, 100% used [0x00000007aab00000,0x00000007b2900000,0x00000007b2900000)
  from space 8192K, 0% used [0x00000007b3300000,0x00000007b3300000,0x00000007b3b00000)
  to   space 10240K, 0% used [0x00000007b2900000,0x00000007b2900000,0x00000007b3300000)
 ParOldGen       total 45568K, used 15631K [0x0000000780000000, 0x0000000782c80000, 0x00000007aab00000)
  object space 45568K, 34% used [0x0000000780000000,0x0000000780f43e50,0x0000000782c80000)
 Metaspace       used 26743K, capacity 27152K, committed 27392K, reserved 1073152K
  class space    used 3127K, capacity 3314K, committed 3328K, reserved 1048576K
Event: 14,003 GC heap after
Heap after GC invocations=8 (full 1):
 PSYoungGen      total 139264K, used 10235K [0x00000007aab00000, 0x00000007b8680000, 0x00000007c0000000)
  eden space 129024K, 0% used [0x00000007aab00000,0x00000007aab00000,0x00000007b2900000)
  from space 10240K, 99% used [0x00000007b2900000,0x00000007b32fede0,0x00000007b3300000)
  to   space 14848K, 0% used [0x00000007b7800000,0x00000007b7800000,0x00000007b8680000)
 ParOldGen       total 45568K, used 21989K [0x0000000780000000, 0x0000000782c80000, 0x00000007aab00000)
  object space 45568K, 48% used [0x0000000780000000,0x00000007815795a0,0x0000000782c80000)
 Metaspace       used 26743K, capacity 27152K, committed 27392K, reserved 1073152K
  class space    used 3127K, capacity 3314K, committed 3328K, reserved 1048576K
}
Event: 15,451 GC heap before
{Heap before GC invocations=9 (full 1):
 PSYoungGen      total 139264K, used 139259K [0x00000007aab00000, 0x00000007b8680000, 0x00000007c0000000)
  eden space 129024K, 100% used [0x00000007aab00000,0x00000007b2900000,0x00000007b2900000)
  from space 10240K, 99% used [0x00000007b2900000,0x00000007b32fede0,0x00000007b3300000)
  to   space 14848K, 0% used [0x00000007b7800000,0x00000007b7800000,0x00000007b8680000)
 ParOldGen       total 45568K, used 21989K [0x0000000780000000, 0x0000000782c80000, 0x00000007aab00000)
  object space 45568K, 48% used [0x0000000780000000,0x00000007815795a0,0x0000000782c80000)
 Metaspace       used 26745K, capacity 27152K, committed 27392K, reserved 1073152K
  class space    used 3127K, capacity 3314K, committed 3328K, reserved 1048576K
Event: 15,552 GC heap after
Heap after GC invocations=9 (full 1):
 PSYoungGen      total 204288K, used 14828K [0x00000007aab00000, 0x00000007b9d80000, 0x00000007c0000000)
  eden space 189440K, 0% used [0x00000007aab00000,0x00000007aab00000,0x00000007b6400000)
  from space 14848K, 99% used [0x00000007b7800000,0x00000007b867b048,0x00000007b8680000)
  to   space 20480K, 0% used [0x00000007b6400000,0x00000007b6400000,0x00000007b7800000)
 ParOldGen       total 45568K, used 28736K [0x0000000780000000, 0x0000000782c80000, 0x00000007aab00000)
  object space 45568K, 63% used [0x0000000780000000,0x0000000781c10298,0x0000000782c80000)
 Metaspace       used 26745K, capacity 27152K, committed 27392K, reserved 1073152K
  class space    used 3127K, capacity 3314K, committed 3328K, reserved 1048576K
}
Event: 17,131 GC heap before
{Heap before GC invocations=10 (full 1):
 PSYoungGen      total 204288K, used 204268K [0x00000007aab00000, 0x00000007b9d80000, 0x00000007c0000000)
  eden space 189440K, 100% used [0x00000007aab00000,0x00000007b6400000,0x00000007b6400000)
  from space 14848K, 99% used [0x00000007b7800000,0x00000007b867b048,0x00000007b8680000)
  to   space 20480K, 0% used [0x00000007b6400000,0x00000007b6400000,0x00000007b7800000)
 ParOldGen       total 45568K, used 28736K [0x0000000780000000, 0x0000000782c80000, 0x00000007aab00000)
  object space 45568K, 63% used [0x0000000780000000,0x0000000781c10298,0x0000000782c80000)
 Metaspace       used 26747K, capacity 27216K, committed 27392K, reserved 1073152K
  class space    used 3127K, capacity 3314K, committed 3328K, reserved 1048576K
Event: 17,264 GC heap after
Heap after GC invocations=10 (full 1):
 PSYoungGen      total 209920K, used 20475K [0x00000007aab00000, 0x00000007be480000, 0x00000007c0000000)
  eden space 189440K, 0% used [0x00000007aab00000,0x00000007aab00000,0x00000007b6400000)
  from space 20480K, 99% used [0x00000007b6400000,0x00000007b77fec78,0x00000007b7800000)
  to   space 27648K, 0% used [0x00000007bc980000,0x00000007bc980000,0x00000007be480000)
 ParOldGen       total 45568K, used 38314K [0x0000000780000000, 0x0000000782c80000, 0x00000007aab00000)
  object space 45568K, 84% used [0x0000000780000000,0x000000078256a800,0x0000000782c80000)
 Metaspace       used 26747K, capacity 27216K, committed 27392K, reserved 1073152K
  class space    used 3127K, capacity 3314K, committed 3328K, reserved 1048576K
}
Event: 17,265 GC heap before
{Heap before GC invocations=11 (full 2):
 PSYoungGen      total 209920K, used 20475K [0x00000007aab00000, 0x00000007be480000, 0x00000007c0000000)
  eden space 189440K, 0% used [0x00000007aab00000,0x00000007aab00000,0x00000007b6400000)
  from space 20480K, 99% used [0x00000007b6400000,0x00000007b77fec78,0x00000007b7800000)
  to   space 27648K, 0% used [0x00000007bc980000,0x00000007bc980000,0x00000007be480000)
 ParOldGen       total 45568K, used 38314K [0x0000000780000000, 0x0000000782c80000, 0x00000007aab00000)
  object space 45568K, 84% used [0x0000000780000000,0x000000078256a800,0x0000000782c80000)
 Metaspace       used 26747K, capacity 27216K, committed 27392K, reserved 1073152K
  class space    used 3127K, capacity 3314K, committed 3328K, reserved 1048576K
Event: 17,617 GC heap after
Heap after GC invocations=11 (full 2):
 PSYoungGen      total 209920K, used 0K [0x00000007aab00000, 0x00000007be480000, 0x00000007c0000000)
  eden space 189440K, 0% used [0x00000007aab00000,0x00000007aab00000,0x00000007b6400000)
  from space 20480K, 0% used [0x00000007b6400000,0x00000007b6400000,0x00000007b7800000)
  to   space 27648K, 0% used [0x00000007bc980000,0x00000007bc980000,0x00000007be480000)
 ParOldGen       total 84992K, used 40822K [0x0000000780000000, 0x0000000785300000, 0x00000007aab00000)
  object space 84992K, 48% used [0x0000000780000000,0x00000007827dd978,0x0000000785300000)
 Metaspace       used 26747K, capacity 27216K, committed 27392K, reserved 1073152K
  class space    used 3127K, capacity 3314K, committed 3328K, reserved 1048576K
}

Deoptimization events (10 events):
Event: 12,433 Thread 0x00007f9ef61c6800 Uncommon trap: reason=class_check action=maybe_recompile pc=0x000000011d082368 method=java.util.zip.InflaterInputStream.read([BII)I @ 100
Event: 12,680 Thread 0x00007f9ef61c6800 Uncommon trap: reason=unstable_if action=reinterpret pc=0x000000011c92d924 method=java.lang.AbstractStringBuilder.append(Ljava/lang/String;)Ljava/lang/AbstractStringBuilder; @ 1
Event: 12,681 Thread 0x00007f9ef61c6800 Uncommon trap: reason=unstable_if action=reinterpret pc=0x000000011c850a0c method=java.lang.AbstractStringBuilder.append(Ljava/lang/String;)Ljava/lang/AbstractStringBuilder; @ 1
Event: 12,719 Thread 0x00007f9ef61c6800 Uncommon trap: reason=unstable_if action=reinterpret pc=0x000000011d05f090 method=com.sun.org.apache.xerces.internal.impl.XMLEntityScanner.scanChar(Lcom/sun/org/apache/xerces/internal/impl/XMLScanner$NameType;)I @ 59
Event: 12,730 Thread 0x00007f9ef61c6800 Uncommon trap: reason=bimorphic action=maybe_recompile pc=0x000000011c75f5d8 method=java.util.Hashtable.addEntry(ILjava/lang/Object;Ljava/lang/Object;I)V @ 38
Event: 12,734 Thread 0x00007f9ef61c6800 Uncommon trap: reason=unstable_if action=reinterpret pc=0x000000011c851914 method=com.sun.org.apache.xerces.internal.impl.XMLEntityScanner.checkBeforeLoad(Lcom/sun/xml/internal/stream/Entity$ScannedEntity;II)I @ 18
Event: 13,628 Thread 0x00007f9ef61c6800 Uncommon trap: reason=unstable_if action=reinterpret pc=0x000000011d15d2c8 method=java.io.DataInputStream.readUTF(Ljava/io/DataInput;)Ljava/lang/String; @ 112
Event: 14,022 Thread 0x00007f9ef582a800 Uncommon trap: reason=unstable_if action=reinterpret pc=0x000000011d17d0e8 method=java.util.WeakHashMap.eq(Ljava/lang/Object;Ljava/lang/Object;)Z @ 10
Event: 14,037 Thread 0x00007f9ef582a800 Uncommon trap: reason=unstable_if action=reinterpret pc=0x000000011cccd4fc method=java.util.HashMap$HashIterator.<init>(Ljava/util/HashMap;)V @ 45
Event: 15,565 Thread 0x00007f9ef61c6800 Uncommon trap: reason=unloaded action=reinterpret pc=0x000000011d1ac85c method=org.apache.tomcat.util.bcel.classfile.Attribute.readAttribute(Ljava/io/DataInputStream;Lorg/apache/tomcat/util/bcel/classfile/ConstantPool;)Lorg/apache/tomcat/util/bcel/classfi

Internal exceptions (10 events):
Event: 5,883 Thread 0x00007f9ef5003800 Exception <a 'java/lang/NoClassDefFoundError': org/apache/log4j/Category> (0x00000007ac779978) thrown at [/Users/java_re/workspace/8-2-build-macosx-x86_64/jdk8u151/9699/hotspot/src/share/vm/classfile/systemDictionary.cpp, line 199]
Event: 6,885 Thread 0x00007f9ef5003800 Exception <a 'java/lang/NoSuchFieldError': method resolution failed> (0x00000007acb18c30) thrown at [/Users/java_re/workspace/8-2-build-macosx-x86_64/jdk8u151/9699/hotspot/src/share/vm/prims/methodHandles.cpp, line 1146]
Event: 6,900 Thread 0x00007f9ef5003800 Exception <a 'java/lang/NoSuchFieldError': method resolution failed> (0x00000007acb26e60) thrown at [/Users/java_re/workspace/8-2-build-macosx-x86_64/jdk8u151/9699/hotspot/src/share/vm/prims/methodHandles.cpp, line 1146]
Event: 9,371 Thread 0x00007f9ef70f1000 Exception <a 'java/net/SocketTimeoutException': Read timed out> (0x00000007ab6aa220) thrown at [/Users/java_re/workspace/8-2-build-macosx-x86_64/jdk8u151/9699/hotspot/src/share/vm/prims/jni.cpp, line 735]
Event: 9,825 Thread 0x00007f9ef70f1000 Exception <a 'java/net/SocketTimeoutException': Read timed out> (0x00000007aba50850) thrown at [/Users/java_re/workspace/8-2-build-macosx-x86_64/jdk8u151/9699/hotspot/src/share/vm/prims/jni.cpp, line 735]
Event: 10,270 Thread 0x00007f9ef5438800 Exception <a 'java/net/SocketTimeoutException': Read timed out> (0x00000007abdf6ea8) thrown at [/Users/java_re/workspace/8-2-build-macosx-x86_64/jdk8u151/9699/hotspot/src/share/vm/prims/jni.cpp, line 735]
Event: 10,684 Thread 0x00007f9ef5003800 Exception <a 'java/io/FileNotFoundException'> (0x00000007ac195608) thrown at [/Users/java_re/workspace/8-2-build-macosx-x86_64/jdk8u151/9699/hotspot/src/share/vm/prims/jni.cpp, line 709]
Event: 12,680 Thread 0x00007f9ef61c6800 Implicit null exception at 0x000000011c92d533 to 0x000000011c92d911
Event: 12,681 Thread 0x00007f9ef61c6800 Implicit null exception at 0x000000011c850636 to 0x000000011c8509f5
Event: 17,970 Thread 0x00007f9ef61c6800 Exception <a 'java/util/zip/ZipException'> (0x00000007ade54068) thrown at [/Users/java_re/workspace/8-2-build-macosx-x86_64/jdk8u151/9699/hotspot/src/share/vm/prims/jni.cpp, line 709]

Events (10 events):
Event: 17,972 Executing VM operation: RevokeBias
Event: 17,972 Executing VM operation: RevokeBias done
Event: 17,972 Executing VM operation: RevokeBias
Event: 17,972 Executing VM operation: RevokeBias done
Event: 17,973 loading class java/lang/Throwable$WrappedPrintWriter
Event: 17,973 loading class java/lang/Throwable$PrintStreamOrWriter
Event: 17,977 loading class java/lang/Throwable$PrintStreamOrWriter done
Event: 17,977 loading class java/lang/Throwable$WrappedPrintWriter done
Event: 17,981 Executing VM operation: RevokeBias
Event: 17,981 Executing VM operation: RevokeBias done


Dynamic libraries:
0x0000000001ef4000 	/System/Library/Frameworks/Cocoa.framework/Versions/A/Cocoa
0x0000000001ef4000 	/System/Library/Frameworks/Security.framework/Versions/A/Security
0x0000000001ef4000 	/System/Library/Frameworks/ApplicationServices.framework/Versions/A/ApplicationServices
0x0000000001ef4000 	/usr/lib/libz.1.dylib
0x0000000001ef4000 	/usr/lib/libSystem.B.dylib
0x0000000001ef4000 	/usr/lib/libobjc.A.dylib
0x0000000001ef4000 	/System/Library/Frameworks/CoreFoundation.framework/Versions/A/CoreFoundation
0x0000000001ef4000 	/System/Library/Frameworks/Foundation.framework/Versions/C/Foundation
0x0000000001ef4000 	/System/Library/Frameworks/AppKit.framework/Versions/C/AppKit
0x0000000001ef4000 	/System/Library/Frameworks/CoreData.framework/Versions/A/CoreData
0x0000000001ef4000 	/System/Library/PrivateFrameworks/RemoteViewServices.framework/Versions/A/RemoteViewServices
0x0000000001ef4000 	/System/Library/PrivateFrameworks/UIFoundation.framework/Versions/A/UIFoundation
0x0000000001ef4000 	/System/Library/PrivateFrameworks/DFRFoundation.framework/Versions/A/DFRFoundation
0x0000000001ef4000 	/System/Library/Frameworks/Metal.framework/Versions/A/Metal
0x0000000001ef4000 	/System/Library/PrivateFrameworks/DesktopServicesPriv.framework/Versions/A/DesktopServicesPriv
0x0000000001ef4000 	/usr/lib/libenergytrace.dylib
0x0000000001ef4000 	/System/Library/PrivateFrameworks/SkyLight.framework/Versions/A/SkyLight
0x0000000001ef4000 	/System/Library/Frameworks/CoreGraphics.framework/Versions/A/CoreGraphics
0x0000000001ef4000 	/usr/lib/libScreenReader.dylib
0x0000000001ef4000 	/System/Library/Frameworks/Accelerate.framework/Versions/A/Accelerate
0x0000000001ef4000 	/System/Library/Frameworks/IOSurface.framework/Versions/A/IOSurface
0x0000000001ef4000 	/System/Library/Frameworks/AudioToolbox.framework/Versions/A/AudioToolbox
0x0000000001ef4000 	/System/Library/Frameworks/AudioUnit.framework/Versions/A/AudioUnit
0x0000000001ef4000 	/System/Library/PrivateFrameworks/DataDetectorsCore.framework/Versions/A/DataDetectorsCore
0x0000000001ef4000 	/System/Library/Frameworks/Carbon.framework/Versions/A/Frameworks/HIToolbox.framework/Versions/A/HIToolbox
0x0000000001ef4000 	/usr/lib/libicucore.A.dylib
0x0000000001ef4000 	/System/Library/Frameworks/QuartzCore.framework/Versions/A/QuartzCore
0x0000000001ef4000 	/System/Library/PrivateFrameworks/SignpostNotification.framework/Versions/A/SignpostNotification
0x0000000001ef4000 	/System/Library/Frameworks/Carbon.framework/Versions/A/Frameworks/SpeechRecognition.framework/Versions/A/SpeechRecognition
0x0000000001ef4000 	/usr/lib/libauto.dylib
0x0000000001ef4000 	/usr/lib/libxml2.2.dylib
0x0000000001ef4000 	/System/Library/PrivateFrameworks/CoreUI.framework/Versions/A/CoreUI
0x0000000001ef4000 	/System/Library/Frameworks/CoreAudio.framework/Versions/A/CoreAudio
0x0000000001ef4000 	/System/Library/Frameworks/DiskArbitration.framework/Versions/A/DiskArbitration
0x0000000001ef4000 	/usr/lib/liblangid.dylib
0x0000000001ef4000 	/System/Library/PrivateFrameworks/MultitouchSupport.framework/Versions/A/MultitouchSupport
0x0000000001ef4000 	/System/Library/Frameworks/IOKit.framework/Versions/A/IOKit
0x0000000001ef4000 	/usr/lib/libDiagnosticMessagesClient.dylib
0x0000000001ef4000 	/System/Library/Frameworks/CoreServices.framework/Versions/A/CoreServices
0x0000000001ef4000 	/System/Library/PrivateFrameworks/PerformanceAnalysis.framework/Versions/A/PerformanceAnalysis
0x0000000001ef4000 	/System/Library/Frameworks/OpenGL.framework/Versions/A/OpenGL
0x0000000001ef4000 	/System/Library/Frameworks/ColorSync.framework/Versions/A/ColorSync
0x0000000001ef4000 	/System/Library/Frameworks/CoreImage.framework/Versions/A/CoreImage
0x0000000001ef4000 	/System/Library/Frameworks/CoreText.framework/Versions/A/CoreText
0x0000000001ef4000 	/System/Library/Frameworks/ImageIO.framework/Versions/A/ImageIO
0x0000000001ef4000 	/System/Library/PrivateFrameworks/Backup.framework/Versions/A/Backup
0x0000000001ef4000 	/usr/lib/libarchive.2.dylib
0x0000000001ef4000 	/System/Library/Frameworks/CFNetwork.framework/Versions/A/CFNetwork
0x0000000001ef4000 	/System/Library/Frameworks/SystemConfiguration.framework/Versions/A/SystemConfiguration
0x0000000001ef4000 	/usr/lib/libCRFSuite.dylib
0x0000000001ef4000 	/usr/lib/libc++.1.dylib
0x0000000001ef4000 	/usr/lib/libc++abi.dylib
0x0000000001ef4000 	/usr/lib/system/libcache.dylib
0x0000000001ef4000 	/usr/lib/system/libcommonCrypto.dylib
0x0000000001ef4000 	/usr/lib/system/libcompiler_rt.dylib
0x0000000001ef4000 	/usr/lib/system/libcopyfile.dylib
0x0000000001ef4000 	/usr/lib/system/libcorecrypto.dylib
0x0000000001ef4000 	/usr/lib/system/libdispatch.dylib
0x0000000001ef4000 	/usr/lib/system/libdyld.dylib
0x0000000001ef4000 	/usr/lib/system/libkeymgr.dylib
0x0000000001ef4000 	/usr/lib/system/liblaunch.dylib
0x0000000001ef4000 	/usr/lib/system/libmacho.dylib
0x0000000001ef4000 	/usr/lib/system/libquarantine.dylib
0x0000000001ef4000 	/usr/lib/system/libremovefile.dylib
0x0000000001ef4000 	/usr/lib/system/libsystem_asl.dylib
0x0000000001ef4000 	/usr/lib/system/libsystem_blocks.dylib
0x0000000001ef4000 	/usr/lib/system/libsystem_c.dylib
0x0000000001ef4000 	/usr/lib/system/libsystem_configuration.dylib
0x0000000001ef4000 	/usr/lib/system/libsystem_coreservices.dylib
0x0000000001ef4000 	/usr/lib/system/libsystem_darwin.dylib
0x0000000001ef4000 	/usr/lib/system/libsystem_dnssd.dylib
0x0000000001ef4000 	/usr/lib/system/libsystem_info.dylib
0x0000000001ef4000 	/usr/lib/system/libsystem_m.dylib
0x0000000001ef4000 	/usr/lib/system/libsystem_malloc.dylib
0x0000000001ef4000 	/usr/lib/system/libsystem_network.dylib
0x0000000001ef4000 	/usr/lib/system/libsystem_networkextension.dylib
0x0000000001ef4000 	/usr/lib/system/libsystem_notify.dylib
0x0000000001ef4000 	/usr/lib/system/libsystem_sandbox.dylib
0x0000000001ef4000 	/usr/lib/system/libsystem_secinit.dylib
0x0000000001ef4000 	/usr/lib/system/libsystem_kernel.dylib
0x0000000001ef4000 	/usr/lib/system/libsystem_platform.dylib
0x0000000001ef4000 	/usr/lib/system/libsystem_pthread.dylib
0x0000000001ef4000 	/usr/lib/system/libsystem_symptoms.dylib
0x0000000001ef4000 	/usr/lib/system/libsystem_trace.dylib
0x0000000001ef4000 	/usr/lib/system/libunwind.dylib
0x0000000001ef4000 	/usr/lib/system/libxpc.dylib
0x0000000001ef4000 	/usr/lib/closure/libclosured.dylib
0x0000000001ef4000 	/usr/lib/libbsm.0.dylib
0x0000000001ef4000 	/usr/lib/system/libkxld.dylib
0x0000000001ef4000 	/usr/lib/libOpenScriptingUtil.dylib
0x0000000001ef4000 	/usr/lib/libcoretls.dylib
0x0000000001ef4000 	/usr/lib/libcoretls_cfhelpers.dylib
0x0000000001ef4000 	/usr/lib/libpam.2.dylib
0x0000000001ef4000 	/usr/lib/libsqlite3.dylib
0x0000000001ef4000 	/usr/lib/libxar.1.dylib
0x0000000001ef4000 	/usr/lib/libbz2.1.0.dylib
0x0000000001ef4000 	/usr/lib/liblzma.5.dylib
0x0000000001ef4000 	/usr/lib/libnetwork.dylib
0x0000000001ef4000 	/usr/lib/libapple_nghttp2.dylib
0x0000000001ef4000 	/usr/lib/libpcap.A.dylib
0x0000000001ef4000 	/usr/lib/libboringssl.dylib
0x0000000001ef4000 	/usr/lib/libusrtcp.dylib
0x0000000001ef4000 	/usr/lib/libapple_crypto.dylib
0x0000000001ef4000 	/System/Library/Frameworks/CoreServices.framework/Versions/A/Frameworks/FSEvents.framework/Versions/A/FSEvents
0x0000000001ef4000 	/System/Library/Frameworks/CoreServices.framework/Versions/A/Frameworks/CarbonCore.framework/Versions/A/CarbonCore
0x0000000001ef4000 	/System/Library/Frameworks/CoreServices.framework/Versions/A/Frameworks/Metadata.framework/Versions/A/Metadata
0x0000000001ef4000 	/System/Library/Frameworks/CoreServices.framework/Versions/A/Frameworks/OSServices.framework/Versions/A/OSServices
0x0000000001ef4000 	/System/Library/Frameworks/CoreServices.framework/Versions/A/Frameworks/SearchKit.framework/Versions/A/SearchKit
0x0000000001ef4000 	/System/Library/Frameworks/CoreServices.framework/Versions/A/Frameworks/AE.framework/Versions/A/AE
0x0000000001ef4000 	/System/Library/Frameworks/CoreServices.framework/Versions/A/Frameworks/LaunchServices.framework/Versions/A/LaunchServices
0x0000000001ef4000 	/System/Library/Frameworks/CoreServices.framework/Versions/A/Frameworks/DictionaryServices.framework/Versions/A/DictionaryServices
0x0000000001ef4000 	/System/Library/Frameworks/CoreServices.framework/Versions/A/Frameworks/SharedFileList.framework/Versions/A/SharedFileList
0x0000000001ef4000 	/System/Library/Frameworks/NetFS.framework/Versions/A/NetFS
0x0000000001ef4000 	/System/Library/PrivateFrameworks/NetAuth.framework/Versions/A/NetAuth
0x0000000001ef4000 	/System/Library/PrivateFrameworks/login.framework/Versions/A/Frameworks/loginsupport.framework/Versions/A/loginsupport
0x0000000001ef4000 	/System/Library/PrivateFrameworks/TCC.framework/Versions/A/TCC
0x0000000001ef4000 	/usr/lib/libmecabra.dylib
0x0000000001ef4000 	/System/Library/Frameworks/ApplicationServices.framework/Versions/A/Frameworks/ATS.framework/Versions/A/ATS
0x0000000001ef4000 	/System/Library/Frameworks/ApplicationServices.framework/Versions/A/Frameworks/ColorSyncLegacy.framework/Versions/A/ColorSyncLegacy
0x0000000001ef4000 	/System/Library/Frameworks/ApplicationServices.framework/Versions/A/Frameworks/HIServices.framework/Versions/A/HIServices
0x0000000001ef4000 	/System/Library/Frameworks/ApplicationServices.framework/Versions/A/Frameworks/LangAnalysis.framework/Versions/A/LangAnalysis
0x0000000001ef4000 	/System/Library/Frameworks/ApplicationServices.framework/Versions/A/Frameworks/PrintCore.framework/Versions/A/PrintCore
0x0000000001ef4000 	/System/Library/Frameworks/ApplicationServices.framework/Versions/A/Frameworks/QD.framework/Versions/A/QD
0x0000000001ef4000 	/System/Library/Frameworks/ApplicationServices.framework/Versions/A/Frameworks/SpeechSynthesis.framework/Versions/A/SpeechSynthesis
0x0000000001ef4000 	/System/Library/Frameworks/CoreDisplay.framework/Versions/A/CoreDisplay
0x0000000001ef4000 	/System/Library/Frameworks/Accelerate.framework/Versions/A/Frameworks/vImage.framework/Versions/A/vImage
0x0000000001ef4000 	/System/Library/Frameworks/Accelerate.framework/Versions/A/Frameworks/vecLib.framework/Versions/A/vecLib
0x0000000001ef4000 	/System/Library/Frameworks/Accelerate.framework/Versions/A/Frameworks/vecLib.framework/Versions/A/libvDSP.dylib
0x0000000001ef4000 	/System/Library/Frameworks/Accelerate.framework/Versions/A/Frameworks/vecLib.framework/Versions/A/libBNNS.dylib
0x0000000001ef4000 	/System/Library/Frameworks/Accelerate.framework/Versions/A/Frameworks/vecLib.framework/Versions/A/libQuadrature.dylib
0x0000000001ef4000 	/System/Library/Frameworks/Accelerate.framework/Versions/A/Frameworks/vecLib.framework/Versions/A/libvMisc.dylib
0x0000000001ef4000 	/System/Library/Frameworks/Accelerate.framework/Versions/A/Frameworks/vecLib.framework/Versions/A/libLAPACK.dylib
0x0000000001ef4000 	/System/Library/Frameworks/Accelerate.framework/Versions/A/Frameworks/vecLib.framework/Versions/A/libBLAS.dylib
0x0000000001ef4000 	/System/Library/Frameworks/Accelerate.framework/Versions/A/Frameworks/vecLib.framework/Versions/A/libLinearAlgebra.dylib
0x0000000001ef4000 	/System/Library/Frameworks/Accelerate.framework/Versions/A/Frameworks/vecLib.framework/Versions/A/libSparse.dylib
0x0000000001ef4000 	/System/Library/Frameworks/Accelerate.framework/Versions/A/Frameworks/vecLib.framework/Versions/A/libSparseBLAS.dylib
0x0000000001ef4000 	/System/Library/PrivateFrameworks/GPUWrangler.framework/Versions/A/GPUWrangler
0x0000000001ef4000 	/System/Library/PrivateFrameworks/IOAccelerator.framework/Versions/A/IOAccelerator
0x0000000001ef4000 	/System/Library/PrivateFrameworks/IOPresentment.framework/Versions/A/IOPresentment
0x0000000001ef4000 	/System/Library/PrivateFrameworks/DSExternalDisplay.framework/Versions/A/DSExternalDisplay
0x0000000001ef4000 	/System/Library/Frameworks/OpenGL.framework/Versions/A/Libraries/libCoreFSCache.dylib
0x0000000001ef4000 	/System/Library/Frameworks/CoreVideo.framework/Versions/A/CoreVideo
0x0000000001ef4000 	/System/Library/PrivateFrameworks/GraphVisualizer.framework/Versions/A/GraphVisualizer
0x0000000001ef4000 	/System/Library/Frameworks/MetalPerformanceShaders.framework/Versions/A/MetalPerformanceShaders
0x0000000001ef4000 	/usr/lib/libFosl_dynamic.dylib
0x0000000001ef4000 	/System/Library/PrivateFrameworks/FaceCore.framework/Versions/A/FaceCore
0x0000000001ef4000 	/System/Library/Frameworks/OpenCL.framework/Versions/A/OpenCL
0x0000000001ef4000 	/usr/lib/libcompression.dylib
0x0000000001ef4000 	/System/Library/Frameworks/ApplicationServices.framework/Versions/A/Frameworks/ATS.framework/Versions/A/Resources/libFontParser.dylib
0x0000000001ef4000 	/System/Library/Frameworks/ApplicationServices.framework/Versions/A/Frameworks/ATS.framework/Versions/A/Resources/libFontRegistry.dylib
0x0000000001ef4000 	/System/Library/Frameworks/ImageIO.framework/Versions/A/Resources/libJPEG.dylib
0x0000000001ef4000 	/System/Library/Frameworks/ImageIO.framework/Versions/A/Resources/libTIFF.dylib
0x0000000001ef4000 	/System/Library/Frameworks/ImageIO.framework/Versions/A/Resources/libPng.dylib
0x0000000001ef4000 	/System/Library/Frameworks/ImageIO.framework/Versions/A/Resources/libGIF.dylib
0x0000000001ef4000 	/System/Library/Frameworks/ImageIO.framework/Versions/A/Resources/libJP2.dylib
0x0000000001ef4000 	/System/Library/Frameworks/ImageIO.framework/Versions/A/Resources/libRadiance.dylib
0x0000000001ef4000 	/System/Library/PrivateFrameworks/AppleJPEG.framework/Versions/A/AppleJPEG
0x0000000001ef4000 	/System/Library/Frameworks/MetalPerformanceShaders.framework/Frameworks/MPSCore.framework/Versions/A/MPSCore
0x0000000001ef4000 	/System/Library/Frameworks/MetalPerformanceShaders.framework/Frameworks/MPSImage.framework/Versions/A/MPSImage
0x0000000001ef4000 	/System/Library/Frameworks/MetalPerformanceShaders.framework/Frameworks/MPSNeuralNetwork.framework/Versions/A/MPSNeuralNetwork
0x0000000001ef4000 	/System/Library/Frameworks/MetalPerformanceShaders.framework/Frameworks/MPSMatrix.framework/Versions/A/MPSMatrix
0x0000000001ef4000 	/System/Library/PrivateFrameworks/MetalTools.framework/Versions/A/MetalTools
0x0000000001ef4000 	/System/Library/Frameworks/OpenGL.framework/Versions/A/Libraries/libGLU.dylib
0x0000000001ef4000 	/System/Library/Frameworks/OpenGL.framework/Versions/A/Libraries/libGFXShared.dylib
0x0000000001ef4000 	/System/Library/Frameworks/OpenGL.framework/Versions/A/Libraries/libGL.dylib
0x0000000001ef4000 	/System/Library/Frameworks/OpenGL.framework/Versions/A/Libraries/libGLImage.dylib
0x0000000001ef4000 	/System/Library/Frameworks/OpenGL.framework/Versions/A/Libraries/libCVMSPluginSupport.dylib
0x0000000001ef4000 	/System/Library/Frameworks/OpenGL.framework/Versions/A/Libraries/libCoreVMClient.dylib
0x0000000001ef4000 	/usr/lib/libcups.2.dylib
0x0000000001ef4000 	/System/Library/Frameworks/Kerberos.framework/Versions/A/Kerberos
0x0000000001ef4000 	/System/Library/Frameworks/GSS.framework/Versions/A/GSS
0x0000000001ef4000 	/usr/lib/libresolv.9.dylib
0x0000000001ef4000 	/usr/lib/libiconv.2.dylib
0x0000000001ef4000 	/System/Library/PrivateFrameworks/Heimdal.framework/Versions/A/Heimdal
0x0000000001ef4000 	/usr/lib/libheimdal-asn1.dylib
0x0000000001ef4000 	/System/Library/Frameworks/OpenDirectory.framework/Versions/A/OpenDirectory
0x0000000001ef4000 	/System/Library/PrivateFrameworks/CommonAuth.framework/Versions/A/CommonAuth
0x0000000001ef4000 	/System/Library/Frameworks/OpenDirectory.framework/Versions/A/Frameworks/CFOpenDirectory.framework/Versions/A/CFOpenDirectory
0x0000000001ef4000 	/System/Library/Frameworks/SecurityFoundation.framework/Versions/A/SecurityFoundation
0x0000000001ef4000 	/System/Library/PrivateFrameworks/APFS.framework/Versions/A/APFS
0x0000000001ef4000 	/usr/lib/libutil.dylib
0x0000000001ef4000 	/System/Library/PrivateFrameworks/AppleSauce.framework/Versions/A/AppleSauce
0x0000000001ef4000 	/System/Library/PrivateFrameworks/LinguisticData.framework/Versions/A/LinguisticData
0x0000000001ef4000 	/usr/lib/libmarisa.dylib
0x0000000001ef4000 	/System/Library/PrivateFrameworks/Lexicon.framework/Versions/A/Lexicon
0x0000000001ef4000 	/usr/lib/libChineseTokenizer.dylib
0x0000000001ef4000 	/usr/lib/libcmph.dylib
0x0000000001ef4000 	/System/Library/PrivateFrameworks/LanguageModeling.framework/Versions/A/LanguageModeling
0x0000000001ef4000 	/System/Library/PrivateFrameworks/CoreEmoji.framework/Versions/A/CoreEmoji
0x0000000001ef4000 	/System/Library/Frameworks/ServiceManagement.framework/Versions/A/ServiceManagement
0x0000000001ef4000 	/System/Library/PrivateFrameworks/BackgroundTaskManagement.framework/Versions/A/BackgroundTaskManagement
0x0000000001ef4000 	/usr/lib/libxslt.1.dylib
0x0000000001ef4000 	/System/Library/Frameworks/Carbon.framework/Versions/A/Frameworks/Ink.framework/Versions/A/Ink
0x0000000001ef4000 	/System/Library/PrivateFrameworks/TextureIO.framework/Versions/A/TextureIO
0x0000000001ef4000 	/usr/lib/libate.dylib
0x0000000001ef4000 	/System/Library/PrivateFrameworks/CrashReporterSupport.framework/Versions/A/CrashReporterSupport
0x0000000001ef4000 	/System/Library/PrivateFrameworks/Sharing.framework/Versions/A/Sharing
0x0000000001ef4000 	/System/Library/PrivateFrameworks/IconServices.framework/Versions/A/IconServices
0x0000000001ef4000 	/System/Library/PrivateFrameworks/Apple80211.framework/Versions/A/Apple80211
0x0000000001ef4000 	/System/Library/PrivateFrameworks/CoreUtils.framework/Versions/A/CoreUtils
0x0000000001ef4000 	/System/Library/Frameworks/CoreWLAN.framework/Versions/A/CoreWLAN
0x0000000001ef4000 	/System/Library/Frameworks/IOBluetooth.framework/Versions/A/IOBluetooth
0x0000000001ef4000 	/System/Library/PrivateFrameworks/ProtocolBuffer.framework/Versions/A/ProtocolBuffer
0x0000000001ef4000 	/System/Library/PrivateFrameworks/CoreWiFi.framework/Versions/A/CoreWiFi
0x0000000001ef4000 	/System/Library/Frameworks/CoreBluetooth.framework/Versions/A/CoreBluetooth
0x0000000001ef4000 	/System/Library/PrivateFrameworks/DebugSymbols.framework/Versions/A/DebugSymbols
0x0000000001ef4000 	/System/Library/PrivateFrameworks/CoreSymbolication.framework/Versions/A/CoreSymbolication
0x0000000001ef4000 	/System/Library/PrivateFrameworks/Symbolication.framework/Versions/A/Symbolication
0x0000000001ef4000 	/System/Library/PrivateFrameworks/AppleFSCompression.framework/Versions/A/AppleFSCompression
0x0000000001ef4000 	/System/Library/PrivateFrameworks/SpeechRecognitionCore.framework/Versions/A/SpeechRecognitionCore
0x000000010ec00000 	/Library/Java/JavaVirtualMachines/jdk1.8.0_151.jdk/Contents/Home/jre/lib/server/libjvm.dylib
0x0000000001ef4000 	/usr/lib/libstdc++.6.0.9.dylib
0x000000010e360000 	/Library/Java/JavaVirtualMachines/jdk1.8.0_151.jdk/Contents/Home/jre/lib/libverify.dylib
0x000000010e36e000 	/Library/Java/JavaVirtualMachines/jdk1.8.0_151.jdk/Contents/Home/jre/lib/libjava.dylib
0x000000010e3ac000 	/Library/Java/JavaVirtualMachines/jdk1.8.0_151.jdk/Contents/Home/jre/lib/libzip.dylib
0x0000000001ef4000 	/System/Library/Frameworks/JavaVM.framework/Versions/A/Frameworks/JavaRuntimeSupport.framework/Versions/A/JavaRuntimeSupport
0x0000000001ef4000 	/System/Library/Frameworks/JavaVM.framework/Versions/A/Frameworks/JavaNativeFoundation.framework/Versions/A/JavaNativeFoundation
0x0000000001ef4000 	/System/Library/Frameworks/JavaVM.framework/Versions/A/JavaVM
0x0000000001ef4000 	/System/Library/Frameworks/Carbon.framework/Versions/A/Carbon
0x0000000001ef4000 	/System/Library/PrivateFrameworks/JavaLaunching.framework/Versions/A/JavaLaunching
0x0000000001ef4000 	/System/Library/Frameworks/Carbon.framework/Versions/A/Frameworks/CommonPanels.framework/Versions/A/CommonPanels
0x0000000001ef4000 	/System/Library/Frameworks/Carbon.framework/Versions/A/Frameworks/Help.framework/Versions/A/Help
0x0000000001ef4000 	/System/Library/Frameworks/Carbon.framework/Versions/A/Frameworks/ImageCapture.framework/Versions/A/ImageCapture
0x0000000001ef4000 	/System/Library/Frameworks/Carbon.framework/Versions/A/Frameworks/OpenScripting.framework/Versions/A/OpenScripting
0x0000000001ef4000 	/System/Library/Frameworks/Carbon.framework/Versions/A/Frameworks/Print.framework/Versions/A/Print
0x0000000001ef4000 	/System/Library/Frameworks/Carbon.framework/Versions/A/Frameworks/SecurityHI.framework/Versions/A/SecurityHI
0x0000000115b90000 	/Library/Java/JavaVirtualMachines/jdk1.8.0_151.jdk/Contents/Home/jre/lib/libnet.dylib
0x0000000115ba7000 	/Library/Java/JavaVirtualMachines/jdk1.8.0_151.jdk/Contents/Home/jre/lib/libnio.dylib
0x00000001166b7000 	/Library/Java/JavaVirtualMachines/jdk1.8.0_151.jdk/Contents/Home/jre/lib/libsunec.dylib
0x0000000115a57000 	/Library/Java/JavaVirtualMachines/jdk1.8.0_151.jdk/Contents/Home/jre/lib/libmanagement.dylib

VM Arguments:
jvm_args: -Dclassworlds.conf=/Applications/apache-maven-3.2.2/bin/m2.conf -Dmaven.home=/Applications/apache-maven-3.2.2 
java_command: org.codehaus.plexus.classworlds.launcher.Launcher tomcat7:run-war-only
java_class_path (initial): /Applications/apache-maven-3.2.2/boot/plexus-classworlds-2.5.1.jar
Launcher Type: SUN_STANDARD

Environment Variables:
JAVA_HOME=/Library/Java/JavaVirtualMachines/jdk1.8.0_151.jdk/Contents/Home
PATH=/usr/bin:/bin:/usr/sbin:/sbin:/usr/local/bin:/usr/local/share/dotnet:/opt/X11/bin:/Library/Frameworks/Mono.framework/Versions/Current/Commands:/Applications/Xamarin Workbooks.app/Contents/SharedSupport/path-bin:/Applications/apache-maven-3.2.2/bin
SHELL=/bin/bash
DISPLAY=/private/tmp/com.apple.launchd.ye5hgjRt6y/org.macosforge.xquartz:0

Signal Handlers:
SIGSEGV: [libjvm.dylib+0x5b27a5], sa_mask[0]=11111111011111110111111111111111, sa_flags=SA_ONSTACK|SA_RESTART|SA_SIGINFO
SIGBUS: [libjvm.dylib+0x5b27a5], sa_mask[0]=11111111011111110111111111111111, sa_flags=SA_RESTART|SA_SIGINFO
SIGFPE: [libjvm.dylib+0x4891c4], sa_mask[0]=11111111011111110111111111111111, sa_flags=SA_RESTART|SA_SIGINFO
SIGPIPE: [libjvm.dylib+0x4891c4], sa_mask[0]=11111111011111110111111111111111, sa_flags=SA_RESTART|SA_SIGINFO
SIGXFSZ: [libjvm.dylib+0x4891c4], sa_mask[0]=11111111011111110111111111111111, sa_flags=SA_RESTART|SA_SIGINFO
SIGILL: [libjvm.dylib+0x4891c4], sa_mask[0]=11111111011111110111111111111111, sa_flags=SA_RESTART|SA_SIGINFO
SIGUSR1: SIG_DFL, sa_mask[0]=11011111011111100000000111000110, sa_flags=none
SIGUSR2: [libjvm.dylib+0x488ce2], sa_mask[0]=00000000000000000000000000000000, sa_flags=SA_RESTART|SA_SIGINFO
SIGHUP: [libjvm.dylib+0x4872b9], sa_mask[0]=11111111011111110111111111111111, sa_flags=SA_RESTART|SA_SIGINFO
SIGINT: [libjvm.dylib+0x4872b9], sa_mask[0]=11111111011111110111111111111111, sa_flags=SA_RESTART|SA_SIGINFO
SIGTERM: [libjvm.dylib+0x4872b9], sa_mask[0]=11111111011111110111111111111111, sa_flags=SA_RESTART|SA_SIGINFO
SIGQUIT: [libjvm.dylib+0x4872b9], sa_mask[0]=11111111011111110111111111111111, sa_flags=SA_RESTART|SA_SIGINFO


---------------  S Y S T E M  ---------------

OS:Bsduname:Darwin 17.5.0 Darwin Kernel Version 17.5.0: Fri Apr 13 19:32:32 PDT 2018; root:xnu-4570.51.2~1/RELEASE_X86_64 x86_64
rlimit: STACK 8192k, CORE 0k, NPROC 709, NOFILE 10240, AS infinity
load average:5,58 3,60 4,50

CPU:total 4 (initial active 4) (2 cores per cpu, 2 threads per core) family 6 model 69 stepping 1, cmov, cx8, fxsr, mmx, sse, sse2, sse3, ssse3, sse4.1, sse4.2, popcnt, avx, avx2, aes, clmul, erms, lzcnt, ht, tsc, tscinvbit, bmi1, bmi2

Memory: 4k page, physical 4194304k(22364k free)

/proc/meminfo:


vm_info: Java HotSpot(TM) 64-Bit Server VM (25.151-b12) for bsd-amd64 JRE (1.8.0_151-b12), built on Sep  5 2017 19:37:08 by "java_re" with gcc 4.2.1 (Based on Apple Inc. build 5658) (LLVM build 2336.11.00)

time: Wed May 30 15:25:24 2018
elapsed time: 18 seconds (0d 0h 0m 18s)

